{"name":"Pricer E2E flow","status":"broken","statusDetails":{"known":false,"muted":false,"flaky":false,"message":"Expected condition failed: waiting for visibility of element located by By.xpath: //input[@id='username'] (tried for 3 second(s) with 500 milliseconds interval)","trace":"org.openqa.selenium.TimeoutException: Expected condition failed: waiting for visibility of element located by By.xpath: //input[@id='username'] (tried for 3 second(s) with 500 milliseconds interval)\r\n\tat org.openqa.selenium.support.ui.WebDriverWait.timeoutException(WebDriverWait.java:95)\r\n\tat org.openqa.selenium.support.ui.FluentWait.until(FluentWait.java:272)\r\n\tat com.pricer.utilities.SeleniumUtils.waitForElementToDisplay(SeleniumUtils.java:51)\r\n\tat com.pricer.utilities.SeleniumUtils.enterText(SeleniumUtils.java:214)\r\n\tat com.pricer.page.web.LoginPage.enterEmail(LoginPage.java:24)\r\n\tat com.pricer.mobile.Test_Scenarios_For_Pricer_E2E_Functionality.verify_PricerLogin(Test_Scenarios_For_Pricer_E2E_Functionality.java:127)\r\n\tat java.base/jdk.internal.reflect.NativeMethodAccessorImpl.invoke0(Native Method)\r\n\tat java.base/jdk.internal.reflect.NativeMethodAccessorImpl.invoke(NativeMethodAccessorImpl.java:77)\r\n\tat java.base/jdk.internal.reflect.DelegatingMethodAccessorImpl.invoke(DelegatingMethodAccessorImpl.java:43)\r\n\tat java.base/java.lang.reflect.Method.invoke(Method.java:568)\r\n\tat org.testng.internal.MethodInvocationHelper.invokeMethod(MethodInvocationHelper.java:80)\r\n\tat org.testng.internal.Invoker.invokeMethod(Invoker.java:714)\r\n\tat org.testng.internal.Invoker.invokeTestMethod(Invoker.java:901)\r\n\tat org.testng.internal.Invoker.invokeTestMethods(Invoker.java:1231)\r\n\tat org.testng.internal.TestMethodWorker.invokeTestMethods(TestMethodWorker.java:127)\r\n\tat org.testng.internal.TestMethodWorker.run(TestMethodWorker.java:111)\r\n\tat org.testng.TestRunner.privateRun(TestRunner.java:767)\r\n\tat org.testng.TestRunner.run(TestRunner.java:617)\r\n\tat org.testng.SuiteRunner.runTest(SuiteRunner.java:334)\r\n\tat org.testng.SuiteRunner.access$000(SuiteRunner.java:37)\r\n\tat org.testng.SuiteRunner$SuiteWorker.run(SuiteRunner.java:368)\r\n\tat org.testng.internal.thread.ThreadUtil$2.call(ThreadUtil.java:64)\r\n\tat java.base/java.util.concurrent.FutureTask.run(FutureTask.java:264)\r\n\tat java.base/java.util.concurrent.ThreadPoolExecutor.runWorker(ThreadPoolExecutor.java:1136)\r\n\tat java.base/java.util.concurrent.ThreadPoolExecutor$Worker.run(ThreadPoolExecutor.java:635)\r\n\tat java.base/java.lang.Thread.run(Thread.java:833)\r\nCaused by: org.openqa.selenium.NoSuchElementException: no such element: Unable to locate element: {\"method\":\"xpath\",\"selector\":\"//input[@id='username']\"}\n  (Session info: chrome=125.0.6422.147)\n  (Driver info: chromedriver=125.0.6422.141 (4b1e83937122185343ba92e909b021f307c719ca-refs/branch-heads/6422@{#1186}),platform=Windows NT 10.0.22631 x86_64)\nFor documentation on this error, please visit: https://www.seleniumhq.org/exceptions/no_such_element.html\nBuild info: version: '3.141.59', revision: 'e82be7d358', time: '2018-11-14T08:17:03'\nSystem info: host: 'IQA-L76-KUNDAN', ip: '192.168.86.206', os.name: 'Windows 11', os.arch: 'amd64', os.version: '10.0', java.version: '17.0.2'\nDriver info: io.appium.java_client.android.AndroidDriver\nCapabilities {appActivity: com.pricer.plaza.mobile.Mai..., appPackage: com.pricer.plaza.mobile, automationName: UiAutomator2, chromeOptions: {w3c: false}, databaseEnabled: false, desired: {appActivity: com.pricer.plaza.mobile.Mai..., appPackage: com.pricer.plaza.mobile, automationName: UiAutomator2, chromeOptions: {w3c: false}, deviceName: Galaxy A71, platformName: android, platformVersion: 13, udid: RZ8N21G4DTP}, deviceApiLevel: 33, deviceManufacturer: samsung, deviceModel: SM-A715F, deviceName: RZ8N21G4DTP, deviceScreenDensity: 420, deviceScreenSize: 1080x2400, deviceUDID: RZ8N21G4DTP, javascriptEnabled: true, locationContextEnabled: false, networkConnectionEnabled: true, pixelRatio: 2.625, platform: LINUX, platformName: Android, platformVersion: 13, statBarHeight: 91, takesScreenshot: true, udid: RZ8N21G4DTP, viewportRect: {height: 2092, left: 0, top: 91, width: 1080}, warnings: {}, webStorageEnabled: false}\nSession ID: ce703c73-6f81-4a39-8822-9e580e50b89b\n*** Element info: {Using=xpath, value=//input[@id='username']}\r\n\tat jdk.internal.reflect.GeneratedConstructorAccessor25.newInstance(Unknown Source)\r\n\tat java.base/jdk.internal.reflect.DelegatingConstructorAccessorImpl.newInstance(DelegatingConstructorAccessorImpl.java:45)\r\n\tat java.base/java.lang.reflect.Constructor.newInstanceWithCaller(Constructor.java:499)\r\n\tat java.base/java.lang.reflect.Constructor.newInstance(Constructor.java:480)\r\n\tat org.openqa.selenium.remote.http.W3CHttpResponseCodec.createException(W3CHttpResponseCodec.java:187)\r\n\tat org.openqa.selenium.remote.http.W3CHttpResponseCodec.decode(W3CHttpResponseCodec.java:122)\r\n\tat org.openqa.selenium.remote.http.W3CHttpResponseCodec.decode(W3CHttpResponseCodec.java:49)\r\n\tat org.openqa.selenium.remote.HttpCommandExecutor.execute(HttpCommandExecutor.java:158)\r\n\tat io.appium.java_client.remote.AppiumCommandExecutor.execute(AppiumCommandExecutor.java:239)\r\n\tat org.openqa.selenium.remote.RemoteWebDriver.execute(RemoteWebDriver.java:552)\r\n\tat io.appium.java_client.DefaultGenericMobileDriver.execute(DefaultGenericMobileDriver.java:41)\r\n\tat io.appium.java_client.AppiumDriver.execute(AppiumDriver.java:1)\r\n\tat io.appium.java_client.android.AndroidDriver.execute(AndroidDriver.java:1)\r\n\tat org.openqa.selenium.remote.RemoteWebDriver.findElement(RemoteWebDriver.java:323)\r\n\tat io.appium.java_client.DefaultGenericMobileDriver.findElement(DefaultGenericMobileDriver.java:61)\r\n\tat io.appium.java_client.AppiumDriver.findElement(AppiumDriver.java:1)\r\n\tat io.appium.java_client.android.AndroidDriver.findElement(AndroidDriver.java:1)\r\n\tat org.openqa.selenium.remote.RemoteWebDriver.findElementByXPath(RemoteWebDriver.java:428)\r\n\tat io.appium.java_client.DefaultGenericMobileDriver.findElementByXPath(DefaultGenericMobileDriver.java:151)\r\n\tat io.appium.java_client.AppiumDriver.findElementByXPath(AppiumDriver.java:1)\r\n\tat io.appium.java_client.android.AndroidDriver.findElementByXPath(AndroidDriver.java:1)\r\n\tat org.openqa.selenium.By$ByXPath.findElement(By.java:353)\r\n\tat org.openqa.selenium.remote.RemoteWebDriver.findElement(RemoteWebDriver.java:315)\r\n\tat io.appium.java_client.DefaultGenericMobileDriver.findElement(DefaultGenericMobileDriver.java:57)\r\n\tat io.appium.java_client.AppiumDriver.findElement(AppiumDriver.java:1)\r\n\tat io.appium.java_client.android.AndroidDriver.findElement(AndroidDriver.java:1)\r\n\tat org.openqa.selenium.support.ui.ExpectedConditions$7.apply(ExpectedConditions.java:205)\r\n\tat org.openqa.selenium.support.ui.ExpectedConditions$7.apply(ExpectedConditions.java:201)\r\n\tat org.openqa.selenium.support.ui.FluentWait.until(FluentWait.java:249)\r\n\t... 24 more\r\n"},"stage":"finished","description":"Verify Pricer E2E flow","steps":[{"name":"Click on continue button","status":"passed","stage":"finished","steps":[{"name":"Wait For Element 'btnContinue' To Be Clickable","status":"passed","stage":"finished","steps":[{"name":"Wait For Element 'btnContinue' To Display","status":"passed","stage":"finished","steps":[],"attachments":[],"parameters":[{"name":"locatorName","value":"btnContinue"}],"start":1717492757032,"stop":1717492758343}],"attachments":[],"parameters":[{"name":"locatorName","value":"btnContinue"}],"start":1717492756434,"stop":1717492758462},{"name":"Click 'btnContinue'","status":"passed","stage":"finished","steps":[{"name":"Wait For Element 'btnContinue' To Be Clickable","status":"passed","stage":"finished","steps":[{"name":"Wait For Element 'btnContinue' To Display","status":"passed","stage":"finished","steps":[],"attachments":[],"parameters":[{"name":"locatorName","value":"btnContinue"}],"start":1717492758470,"stop":1717492758812}],"attachments":[],"parameters":[{"name":"locatorName","value":"btnContinue"}],"start":1717492758470,"stop":1717492758981}],"attachments":[],"parameters":[{"name":"locatorName","value":"btnContinue"}],"start":1717492758462,"stop":1717492759153},{"name":"Sleep for '5000' milliseconds","status":"passed","stage":"finished","steps":[],"attachments":[],"parameters":[{"name":"miliseconds","value":"5000"}],"start":1717492759153,"stop":1717492764160},{"name":"Get the appium driver","status":"passed","stage":"finished","steps":[],"attachments":[],"parameters":[],"start":1717492764160,"stop":1717492764160},{"name":"Get the appium driver","status":"passed","stage":"finished","steps":[],"attachments":[],"parameters":[],"start":1717492765095,"stop":1717492765095}],"attachments":[],"parameters":[],"start":1717492756419,"stop":1717492769607},{"name":"Enter email address Abdus.samad@impactqa.com","status":"broken","statusDetails":{"known":false,"muted":false,"flaky":false,"message":"Expected condition failed: waiting for visibility of element located by By.xpath: //input[@id='username'] (tried for 3 second(s) with 500 milliseconds interval)","trace":"org.openqa.selenium.TimeoutException: Expected condition failed: waiting for visibility of element located by By.xpath: //input[@id='username'] (tried for 3 second(s) with 500 milliseconds interval)\r\n\tat org.openqa.selenium.support.ui.WebDriverWait.timeoutException(WebDriverWait.java:95)\r\n\tat org.openqa.selenium.support.ui.FluentWait.until(FluentWait.java:272)\r\n\tat com.pricer.utilities.SeleniumUtils.waitForElementToDisplay(SeleniumUtils.java:51)\r\n\tat com.pricer.utilities.SeleniumUtils.enterText(SeleniumUtils.java:214)\r\n\tat com.pricer.page.web.LoginPage.enterEmail(LoginPage.java:24)\r\n\tat com.pricer.mobile.Test_Scenarios_For_Pricer_E2E_Functionality.verify_PricerLogin(Test_Scenarios_For_Pricer_E2E_Functionality.java:127)\r\n\tat java.base/jdk.internal.reflect.NativeMethodAccessorImpl.invoke0(Native Method)\r\n\tat java.base/jdk.internal.reflect.NativeMethodAccessorImpl.invoke(NativeMethodAccessorImpl.java:77)\r\n\tat java.base/jdk.internal.reflect.DelegatingMethodAccessorImpl.invoke(DelegatingMethodAccessorImpl.java:43)\r\n\tat java.base/java.lang.reflect.Method.invoke(Method.java:568)\r\n\tat org.testng.internal.MethodInvocationHelper.invokeMethod(MethodInvocationHelper.java:80)\r\n\tat org.testng.internal.Invoker.invokeMethod(Invoker.java:714)\r\n\tat org.testng.internal.Invoker.invokeTestMethod(Invoker.java:901)\r\n\tat org.testng.internal.Invoker.invokeTestMethods(Invoker.java:1231)\r\n\tat org.testng.internal.TestMethodWorker.invokeTestMethods(TestMethodWorker.java:127)\r\n\tat org.testng.internal.TestMethodWorker.run(TestMethodWorker.java:111)\r\n\tat org.testng.TestRunner.privateRun(TestRunner.java:767)\r\n\tat org.testng.TestRunner.run(TestRunner.java:617)\r\n\tat org.testng.SuiteRunner.runTest(SuiteRunner.java:334)\r\n\tat org.testng.SuiteRunner.access$000(SuiteRunner.java:37)\r\n\tat org.testng.SuiteRunner$SuiteWorker.run(SuiteRunner.java:368)\r\n\tat org.testng.internal.thread.ThreadUtil$2.call(ThreadUtil.java:64)\r\n\tat java.base/java.util.concurrent.FutureTask.run(FutureTask.java:264)\r\n\tat java.base/java.util.concurrent.ThreadPoolExecutor.runWorker(ThreadPoolExecutor.java:1136)\r\n\tat java.base/java.util.concurrent.ThreadPoolExecutor$Worker.run(ThreadPoolExecutor.java:635)\r\n\tat java.base/java.lang.Thread.run(Thread.java:833)\r\nCaused by: org.openqa.selenium.NoSuchElementException: no such element: Unable to locate element: {\"method\":\"xpath\",\"selector\":\"//input[@id='username']\"}\n  (Session info: chrome=125.0.6422.147)\n  (Driver info: chromedriver=125.0.6422.141 (4b1e83937122185343ba92e909b021f307c719ca-refs/branch-heads/6422@{#1186}),platform=Windows NT 10.0.22631 x86_64)\nFor documentation on this error, please visit: https://www.seleniumhq.org/exceptions/no_such_element.html\nBuild info: version: '3.141.59', revision: 'e82be7d358', time: '2018-11-14T08:17:03'\nSystem info: host: 'IQA-L76-KUNDAN', ip: '192.168.86.206', os.name: 'Windows 11', os.arch: 'amd64', os.version: '10.0', java.version: '17.0.2'\nDriver info: io.appium.java_client.android.AndroidDriver\nCapabilities {appActivity: com.pricer.plaza.mobile.Mai..., appPackage: com.pricer.plaza.mobile, automationName: UiAutomator2, chromeOptions: {w3c: false}, databaseEnabled: false, desired: {appActivity: com.pricer.plaza.mobile.Mai..., appPackage: com.pricer.plaza.mobile, automationName: UiAutomator2, chromeOptions: {w3c: false}, deviceName: Galaxy A71, platformName: android, platformVersion: 13, udid: RZ8N21G4DTP}, deviceApiLevel: 33, deviceManufacturer: samsung, deviceModel: SM-A715F, deviceName: RZ8N21G4DTP, deviceScreenDensity: 420, deviceScreenSize: 1080x2400, deviceUDID: RZ8N21G4DTP, javascriptEnabled: true, locationContextEnabled: false, networkConnectionEnabled: true, pixelRatio: 2.625, platform: LINUX, platformName: Android, platformVersion: 13, statBarHeight: 91, takesScreenshot: true, udid: RZ8N21G4DTP, viewportRect: {height: 2092, left: 0, top: 91, width: 1080}, warnings: {}, webStorageEnabled: false}\nSession ID: ce703c73-6f81-4a39-8822-9e580e50b89b\n*** Element info: {Using=xpath, value=//input[@id='username']}\r\n\tat jdk.internal.reflect.GeneratedConstructorAccessor25.newInstance(Unknown Source)\r\n\tat java.base/jdk.internal.reflect.DelegatingConstructorAccessorImpl.newInstance(DelegatingConstructorAccessorImpl.java:45)\r\n\tat java.base/java.lang.reflect.Constructor.newInstanceWithCaller(Constructor.java:499)\r\n\tat java.base/java.lang.reflect.Constructor.newInstance(Constructor.java:480)\r\n\tat org.openqa.selenium.remote.http.W3CHttpResponseCodec.createException(W3CHttpResponseCodec.java:187)\r\n\tat org.openqa.selenium.remote.http.W3CHttpResponseCodec.decode(W3CHttpResponseCodec.java:122)\r\n\tat org.openqa.selenium.remote.http.W3CHttpResponseCodec.decode(W3CHttpResponseCodec.java:49)\r\n\tat org.openqa.selenium.remote.HttpCommandExecutor.execute(HttpCommandExecutor.java:158)\r\n\tat io.appium.java_client.remote.AppiumCommandExecutor.execute(AppiumCommandExecutor.java:239)\r\n\tat org.openqa.selenium.remote.RemoteWebDriver.execute(RemoteWebDriver.java:552)\r\n\tat io.appium.java_client.DefaultGenericMobileDriver.execute(DefaultGenericMobileDriver.java:41)\r\n\tat io.appium.java_client.AppiumDriver.execute(AppiumDriver.java:1)\r\n\tat io.appium.java_client.android.AndroidDriver.execute(AndroidDriver.java:1)\r\n\tat org.openqa.selenium.remote.RemoteWebDriver.findElement(RemoteWebDriver.java:323)\r\n\tat io.appium.java_client.DefaultGenericMobileDriver.findElement(DefaultGenericMobileDriver.java:61)\r\n\tat io.appium.java_client.AppiumDriver.findElement(AppiumDriver.java:1)\r\n\tat io.appium.java_client.android.AndroidDriver.findElement(AndroidDriver.java:1)\r\n\tat org.openqa.selenium.remote.RemoteWebDriver.findElementByXPath(RemoteWebDriver.java:428)\r\n\tat io.appium.java_client.DefaultGenericMobileDriver.findElementByXPath(DefaultGenericMobileDriver.java:151)\r\n\tat io.appium.java_client.AppiumDriver.findElementByXPath(AppiumDriver.java:1)\r\n\tat io.appium.java_client.android.AndroidDriver.findElementByXPath(AndroidDriver.java:1)\r\n\tat org.openqa.selenium.By$ByXPath.findElement(By.java:353)\r\n\tat org.openqa.selenium.remote.RemoteWebDriver.findElement(RemoteWebDriver.java:315)\r\n\tat io.appium.java_client.DefaultGenericMobileDriver.findElement(DefaultGenericMobileDriver.java:57)\r\n\tat io.appium.java_client.AppiumDriver.findElement(AppiumDriver.java:1)\r\n\tat io.appium.java_client.android.AndroidDriver.findElement(AndroidDriver.java:1)\r\n\tat org.openqa.selenium.support.ui.ExpectedConditions$7.apply(ExpectedConditions.java:205)\r\n\tat org.openqa.selenium.support.ui.ExpectedConditions$7.apply(ExpectedConditions.java:201)\r\n\tat org.openqa.selenium.support.ui.FluentWait.until(FluentWait.java:249)\r\n\t... 24 more\r\n"},"stage":"finished","steps":[{"name":"is Element 'txtEmail' Displayed","status":"passed","stage":"finished","steps":[],"attachments":[],"parameters":[{"name":"locatorName","value":"txtEmail"},{"name":"waitTime","value":"90"}],"start":1717492769754,"stop":1717492860081},{"name":"Enter 'txtEmail' with the value 'Abdus.samad@impactqa.com'","status":"broken","statusDetails":{"known":false,"muted":false,"flaky":false,"message":"Expected condition failed: waiting for visibility of element located by By.xpath: //input[@id='username'] (tried for 3 second(s) with 500 milliseconds interval)","trace":"org.openqa.selenium.TimeoutException: Expected condition failed: waiting for visibility of element located by By.xpath: //input[@id='username'] (tried for 3 second(s) with 500 milliseconds interval)\r\n\tat org.openqa.selenium.support.ui.WebDriverWait.timeoutException(WebDriverWait.java:95)\r\n\tat org.openqa.selenium.support.ui.FluentWait.until(FluentWait.java:272)\r\n\tat com.pricer.utilities.SeleniumUtils.waitForElementToDisplay(SeleniumUtils.java:51)\r\n\tat com.pricer.utilities.SeleniumUtils.enterText(SeleniumUtils.java:214)\r\n\tat com.pricer.page.web.LoginPage.enterEmail(LoginPage.java:24)\r\n\tat com.pricer.mobile.Test_Scenarios_For_Pricer_E2E_Functionality.verify_PricerLogin(Test_Scenarios_For_Pricer_E2E_Functionality.java:127)\r\n\tat java.base/jdk.internal.reflect.NativeMethodAccessorImpl.invoke0(Native Method)\r\n\tat java.base/jdk.internal.reflect.NativeMethodAccessorImpl.invoke(NativeMethodAccessorImpl.java:77)\r\n\tat java.base/jdk.internal.reflect.DelegatingMethodAccessorImpl.invoke(DelegatingMethodAccessorImpl.java:43)\r\n\tat java.base/java.lang.reflect.Method.invoke(Method.java:568)\r\n\tat org.testng.internal.MethodInvocationHelper.invokeMethod(MethodInvocationHelper.java:80)\r\n\tat org.testng.internal.Invoker.invokeMethod(Invoker.java:714)\r\n\tat org.testng.internal.Invoker.invokeTestMethod(Invoker.java:901)\r\n\tat org.testng.internal.Invoker.invokeTestMethods(Invoker.java:1231)\r\n\tat org.testng.internal.TestMethodWorker.invokeTestMethods(TestMethodWorker.java:127)\r\n\tat org.testng.internal.TestMethodWorker.run(TestMethodWorker.java:111)\r\n\tat org.testng.TestRunner.privateRun(TestRunner.java:767)\r\n\tat org.testng.TestRunner.run(TestRunner.java:617)\r\n\tat org.testng.SuiteRunner.runTest(SuiteRunner.java:334)\r\n\tat org.testng.SuiteRunner.access$000(SuiteRunner.java:37)\r\n\tat org.testng.SuiteRunner$SuiteWorker.run(SuiteRunner.java:368)\r\n\tat org.testng.internal.thread.ThreadUtil$2.call(ThreadUtil.java:64)\r\n\tat java.base/java.util.concurrent.FutureTask.run(FutureTask.java:264)\r\n\tat java.base/java.util.concurrent.ThreadPoolExecutor.runWorker(ThreadPoolExecutor.java:1136)\r\n\tat java.base/java.util.concurrent.ThreadPoolExecutor$Worker.run(ThreadPoolExecutor.java:635)\r\n\tat java.base/java.lang.Thread.run(Thread.java:833)\r\nCaused by: org.openqa.selenium.NoSuchElementException: no such element: Unable to locate element: {\"method\":\"xpath\",\"selector\":\"//input[@id='username']\"}\n  (Session info: chrome=125.0.6422.147)\n  (Driver info: chromedriver=125.0.6422.141 (4b1e83937122185343ba92e909b021f307c719ca-refs/branch-heads/6422@{#1186}),platform=Windows NT 10.0.22631 x86_64)\nFor documentation on this error, please visit: https://www.seleniumhq.org/exceptions/no_such_element.html\nBuild info: version: '3.141.59', revision: 'e82be7d358', time: '2018-11-14T08:17:03'\nSystem info: host: 'IQA-L76-KUNDAN', ip: '192.168.86.206', os.name: 'Windows 11', os.arch: 'amd64', os.version: '10.0', java.version: '17.0.2'\nDriver info: io.appium.java_client.android.AndroidDriver\nCapabilities {appActivity: com.pricer.plaza.mobile.Mai..., appPackage: com.pricer.plaza.mobile, automationName: UiAutomator2, chromeOptions: {w3c: false}, databaseEnabled: false, desired: {appActivity: com.pricer.plaza.mobile.Mai..., appPackage: com.pricer.plaza.mobile, automationName: UiAutomator2, chromeOptions: {w3c: false}, deviceName: Galaxy A71, platformName: android, platformVersion: 13, udid: RZ8N21G4DTP}, deviceApiLevel: 33, deviceManufacturer: samsung, deviceModel: SM-A715F, deviceName: RZ8N21G4DTP, deviceScreenDensity: 420, deviceScreenSize: 1080x2400, deviceUDID: RZ8N21G4DTP, javascriptEnabled: true, locationContextEnabled: false, networkConnectionEnabled: true, pixelRatio: 2.625, platform: LINUX, platformName: Android, platformVersion: 13, statBarHeight: 91, takesScreenshot: true, udid: RZ8N21G4DTP, viewportRect: {height: 2092, left: 0, top: 91, width: 1080}, warnings: {}, webStorageEnabled: false}\nSession ID: ce703c73-6f81-4a39-8822-9e580e50b89b\n*** Element info: {Using=xpath, value=//input[@id='username']}\r\n\tat jdk.internal.reflect.GeneratedConstructorAccessor25.newInstance(Unknown Source)\r\n\tat java.base/jdk.internal.reflect.DelegatingConstructorAccessorImpl.newInstance(DelegatingConstructorAccessorImpl.java:45)\r\n\tat java.base/java.lang.reflect.Constructor.newInstanceWithCaller(Constructor.java:499)\r\n\tat java.base/java.lang.reflect.Constructor.newInstance(Constructor.java:480)\r\n\tat org.openqa.selenium.remote.http.W3CHttpResponseCodec.createException(W3CHttpResponseCodec.java:187)\r\n\tat org.openqa.selenium.remote.http.W3CHttpResponseCodec.decode(W3CHttpResponseCodec.java:122)\r\n\tat org.openqa.selenium.remote.http.W3CHttpResponseCodec.decode(W3CHttpResponseCodec.java:49)\r\n\tat org.openqa.selenium.remote.HttpCommandExecutor.execute(HttpCommandExecutor.java:158)\r\n\tat io.appium.java_client.remote.AppiumCommandExecutor.execute(AppiumCommandExecutor.java:239)\r\n\tat org.openqa.selenium.remote.RemoteWebDriver.execute(RemoteWebDriver.java:552)\r\n\tat io.appium.java_client.DefaultGenericMobileDriver.execute(DefaultGenericMobileDriver.java:41)\r\n\tat io.appium.java_client.AppiumDriver.execute(AppiumDriver.java:1)\r\n\tat io.appium.java_client.android.AndroidDriver.execute(AndroidDriver.java:1)\r\n\tat org.openqa.selenium.remote.RemoteWebDriver.findElement(RemoteWebDriver.java:323)\r\n\tat io.appium.java_client.DefaultGenericMobileDriver.findElement(DefaultGenericMobileDriver.java:61)\r\n\tat io.appium.java_client.AppiumDriver.findElement(AppiumDriver.java:1)\r\n\tat io.appium.java_client.android.AndroidDriver.findElement(AndroidDriver.java:1)\r\n\tat org.openqa.selenium.remote.RemoteWebDriver.findElementByXPath(RemoteWebDriver.java:428)\r\n\tat io.appium.java_client.DefaultGenericMobileDriver.findElementByXPath(DefaultGenericMobileDriver.java:151)\r\n\tat io.appium.java_client.AppiumDriver.findElementByXPath(AppiumDriver.java:1)\r\n\tat io.appium.java_client.android.AndroidDriver.findElementByXPath(AndroidDriver.java:1)\r\n\tat org.openqa.selenium.By$ByXPath.findElement(By.java:353)\r\n\tat org.openqa.selenium.remote.RemoteWebDriver.findElement(RemoteWebDriver.java:315)\r\n\tat io.appium.java_client.DefaultGenericMobileDriver.findElement(DefaultGenericMobileDriver.java:57)\r\n\tat io.appium.java_client.AppiumDriver.findElement(AppiumDriver.java:1)\r\n\tat io.appium.java_client.android.AndroidDriver.findElement(AndroidDriver.java:1)\r\n\tat org.openqa.selenium.support.ui.ExpectedConditions$7.apply(ExpectedConditions.java:205)\r\n\tat org.openqa.selenium.support.ui.ExpectedConditions$7.apply(ExpectedConditions.java:201)\r\n\tat org.openqa.selenium.support.ui.FluentWait.until(FluentWait.java:249)\r\n\t... 24 more\r\n"},"stage":"finished","steps":[{"name":"Wait For Element 'txtEmail' To Display","status":"broken","statusDetails":{"known":false,"muted":false,"flaky":false,"message":"Expected condition failed: waiting for visibility of element located by By.xpath: //input[@id='username'] (tried for 3 second(s) with 500 milliseconds interval)","trace":"org.openqa.selenium.TimeoutException: Expected condition failed: waiting for visibility of element located by By.xpath: //input[@id='username'] (tried for 3 second(s) with 500 milliseconds interval)\r\n\tat org.openqa.selenium.support.ui.WebDriverWait.timeoutException(WebDriverWait.java:95)\r\n\tat org.openqa.selenium.support.ui.FluentWait.until(FluentWait.java:272)\r\n\tat com.pricer.utilities.SeleniumUtils.waitForElementToDisplay(SeleniumUtils.java:51)\r\n\tat com.pricer.utilities.SeleniumUtils.enterText(SeleniumUtils.java:214)\r\n\tat com.pricer.page.web.LoginPage.enterEmail(LoginPage.java:24)\r\n\tat com.pricer.mobile.Test_Scenarios_For_Pricer_E2E_Functionality.verify_PricerLogin(Test_Scenarios_For_Pricer_E2E_Functionality.java:127)\r\n\tat java.base/jdk.internal.reflect.NativeMethodAccessorImpl.invoke0(Native Method)\r\n\tat java.base/jdk.internal.reflect.NativeMethodAccessorImpl.invoke(NativeMethodAccessorImpl.java:77)\r\n\tat java.base/jdk.internal.reflect.DelegatingMethodAccessorImpl.invoke(DelegatingMethodAccessorImpl.java:43)\r\n\tat java.base/java.lang.reflect.Method.invoke(Method.java:568)\r\n\tat org.testng.internal.MethodInvocationHelper.invokeMethod(MethodInvocationHelper.java:80)\r\n\tat org.testng.internal.Invoker.invokeMethod(Invoker.java:714)\r\n\tat org.testng.internal.Invoker.invokeTestMethod(Invoker.java:901)\r\n\tat org.testng.internal.Invoker.invokeTestMethods(Invoker.java:1231)\r\n\tat org.testng.internal.TestMethodWorker.invokeTestMethods(TestMethodWorker.java:127)\r\n\tat org.testng.internal.TestMethodWorker.run(TestMethodWorker.java:111)\r\n\tat org.testng.TestRunner.privateRun(TestRunner.java:767)\r\n\tat org.testng.TestRunner.run(TestRunner.java:617)\r\n\tat org.testng.SuiteRunner.runTest(SuiteRunner.java:334)\r\n\tat org.testng.SuiteRunner.access$000(SuiteRunner.java:37)\r\n\tat org.testng.SuiteRunner$SuiteWorker.run(SuiteRunner.java:368)\r\n\tat org.testng.internal.thread.ThreadUtil$2.call(ThreadUtil.java:64)\r\n\tat java.base/java.util.concurrent.FutureTask.run(FutureTask.java:264)\r\n\tat java.base/java.util.concurrent.ThreadPoolExecutor.runWorker(ThreadPoolExecutor.java:1136)\r\n\tat java.base/java.util.concurrent.ThreadPoolExecutor$Worker.run(ThreadPoolExecutor.java:635)\r\n\tat java.base/java.lang.Thread.run(Thread.java:833)\r\nCaused by: org.openqa.selenium.NoSuchElementException: no such element: Unable to locate element: {\"method\":\"xpath\",\"selector\":\"//input[@id='username']\"}\n  (Session info: chrome=125.0.6422.147)\n  (Driver info: chromedriver=125.0.6422.141 (4b1e83937122185343ba92e909b021f307c719ca-refs/branch-heads/6422@{#1186}),platform=Windows NT 10.0.22631 x86_64)\nFor documentation on this error, please visit: https://www.seleniumhq.org/exceptions/no_such_element.html\nBuild info: version: '3.141.59', revision: 'e82be7d358', time: '2018-11-14T08:17:03'\nSystem info: host: 'IQA-L76-KUNDAN', ip: '192.168.86.206', os.name: 'Windows 11', os.arch: 'amd64', os.version: '10.0', java.version: '17.0.2'\nDriver info: io.appium.java_client.android.AndroidDriver\nCapabilities {appActivity: com.pricer.plaza.mobile.Mai..., appPackage: com.pricer.plaza.mobile, automationName: UiAutomator2, chromeOptions: {w3c: false}, databaseEnabled: false, desired: {appActivity: com.pricer.plaza.mobile.Mai..., appPackage: com.pricer.plaza.mobile, automationName: UiAutomator2, chromeOptions: {w3c: false}, deviceName: Galaxy A71, platformName: android, platformVersion: 13, udid: RZ8N21G4DTP}, deviceApiLevel: 33, deviceManufacturer: samsung, deviceModel: SM-A715F, deviceName: RZ8N21G4DTP, deviceScreenDensity: 420, deviceScreenSize: 1080x2400, deviceUDID: RZ8N21G4DTP, javascriptEnabled: true, locationContextEnabled: false, networkConnectionEnabled: true, pixelRatio: 2.625, platform: LINUX, platformName: Android, platformVersion: 13, statBarHeight: 91, takesScreenshot: true, udid: RZ8N21G4DTP, viewportRect: {height: 2092, left: 0, top: 91, width: 1080}, warnings: {}, webStorageEnabled: false}\nSession ID: ce703c73-6f81-4a39-8822-9e580e50b89b\n*** Element info: {Using=xpath, value=//input[@id='username']}\r\n\tat jdk.internal.reflect.GeneratedConstructorAccessor25.newInstance(Unknown Source)\r\n\tat java.base/jdk.internal.reflect.DelegatingConstructorAccessorImpl.newInstance(DelegatingConstructorAccessorImpl.java:45)\r\n\tat java.base/java.lang.reflect.Constructor.newInstanceWithCaller(Constructor.java:499)\r\n\tat java.base/java.lang.reflect.Constructor.newInstance(Constructor.java:480)\r\n\tat org.openqa.selenium.remote.http.W3CHttpResponseCodec.createException(W3CHttpResponseCodec.java:187)\r\n\tat org.openqa.selenium.remote.http.W3CHttpResponseCodec.decode(W3CHttpResponseCodec.java:122)\r\n\tat org.openqa.selenium.remote.http.W3CHttpResponseCodec.decode(W3CHttpResponseCodec.java:49)\r\n\tat org.openqa.selenium.remote.HttpCommandExecutor.execute(HttpCommandExecutor.java:158)\r\n\tat io.appium.java_client.remote.AppiumCommandExecutor.execute(AppiumCommandExecutor.java:239)\r\n\tat org.openqa.selenium.remote.RemoteWebDriver.execute(RemoteWebDriver.java:552)\r\n\tat io.appium.java_client.DefaultGenericMobileDriver.execute(DefaultGenericMobileDriver.java:41)\r\n\tat io.appium.java_client.AppiumDriver.execute(AppiumDriver.java:1)\r\n\tat io.appium.java_client.android.AndroidDriver.execute(AndroidDriver.java:1)\r\n\tat org.openqa.selenium.remote.RemoteWebDriver.findElement(RemoteWebDriver.java:323)\r\n\tat io.appium.java_client.DefaultGenericMobileDriver.findElement(DefaultGenericMobileDriver.java:61)\r\n\tat io.appium.java_client.AppiumDriver.findElement(AppiumDriver.java:1)\r\n\tat io.appium.java_client.android.AndroidDriver.findElement(AndroidDriver.java:1)\r\n\tat org.openqa.selenium.remote.RemoteWebDriver.findElementByXPath(RemoteWebDriver.java:428)\r\n\tat io.appium.java_client.DefaultGenericMobileDriver.findElementByXPath(DefaultGenericMobileDriver.java:151)\r\n\tat io.appium.java_client.AppiumDriver.findElementByXPath(AppiumDriver.java:1)\r\n\tat io.appium.java_client.android.AndroidDriver.findElementByXPath(AndroidDriver.java:1)\r\n\tat org.openqa.selenium.By$ByXPath.findElement(By.java:353)\r\n\tat org.openqa.selenium.remote.RemoteWebDriver.findElement(RemoteWebDriver.java:315)\r\n\tat io.appium.java_client.DefaultGenericMobileDriver.findElement(DefaultGenericMobileDriver.java:57)\r\n\tat io.appium.java_client.AppiumDriver.findElement(AppiumDriver.java:1)\r\n\tat io.appium.java_client.android.AndroidDriver.findElement(AndroidDriver.java:1)\r\n\tat org.openqa.selenium.support.ui.ExpectedConditions$7.apply(ExpectedConditions.java:205)\r\n\tat org.openqa.selenium.support.ui.ExpectedConditions$7.apply(ExpectedConditions.java:201)\r\n\tat org.openqa.selenium.support.ui.FluentWait.until(FluentWait.java:249)\r\n\t... 24 more\r\n"},"stage":"finished","steps":[],"attachments":[],"parameters":[{"name":"locatorName","value":"txtEmail"}],"start":1717492863091,"stop":1717492866334}],"attachments":[],"parameters":[{"name":"locatorName","value":"txtEmail"},{"name":"value","value":"Abdus.samad@impactqa.com"}],"start":1717492863091,"stop":1717492866336}],"attachments":[],"parameters":[{"name":"email","value":"Abdus.samad@impactqa.com"}],"start":1717492769754,"stop":1717492866336}],"attachments":[],"parameters":[{"name":"dataID","value":"TC001_Pricer_Android_Local"}],"start":1717492753585,"stop":1717492866365,"uuid":"ea73e701-891f-407f-82e8-b492e11561a8","historyId":"3707774d97fc7929999195b3aa76446","fullName":"com.pricer.mobile.Test_Scenarios_For_Pricer_E2E_Functionality.verify_PricerLogin","labels":[{"name":"package","value":"com.pricer.mobile.Test_Scenarios_For_Pricer_E2E_Functionality"},{"name":"testClass","value":"com.pricer.mobile.Test_Scenarios_For_Pricer_E2E_Functionality"},{"name":"testMethod","value":"verify_PricerLogin"},{"name":"parentSuite","value":"Mobile_Test_Execution_Suite"},{"name":"suite","value":"Pricer_Mobile_Test"},{"name":"subSuite","value":"com.pricer.mobile.Test_Scenarios_For_Pricer_E2E_Functionality"},{"name":"host","value":"IQA-L76-Kundan"},{"name":"thread","value":"23516@IQA-L76-Kundan.TestNG(26)"},{"name":"framework","value":"testng"},{"name":"language","value":"java"},{"name":"story","value":"Pricer E2E flow"},{"name":"epic","value":"Test Android or iOS"},{"name":"feature","value":"Test Android Execution"}],"links":[]}