{"name":"TC006_Verify that user is successfully able to enter card details & proceed to pay","status":"broken","statusDetails":{"known":false,"muted":false,"flaky":false,"message":"Expected condition failed: waiting for visibility of element located by By.xpath: //android.widget.EditText[@content-desc='edt_card_number'] (tried for 3 second(s) with 500 milliseconds interval)","trace":"org.openqa.selenium.TimeoutException: Expected condition failed: waiting for visibility of element located by By.xpath: //android.widget.EditText[@content-desc='edt_card_number'] (tried for 3 second(s) with 500 milliseconds interval)\r\n\tat org.openqa.selenium.support.ui.WebDriverWait.timeoutException(WebDriverWait.java:95)\r\n\tat org.openqa.selenium.support.ui.FluentWait.until(FluentWait.java:272)\r\n\tat com.pricer.utilities.AppiumUtils.waitForElementToDisplay(AppiumUtils.java:582)\r\n\tat com.pricer.utilities.AppiumUtils.enterText(AppiumUtils.java:735)\r\n\tat com.pricer.page.mobile.starbucks.PaymentPage.enterCardDetails(PaymentPage.java:46)\r\n\tat com.starbucks.mobile.Test_Scenarios_For_Starbucks_E2E_Functionality.verify_ProceedToPay(Test_Scenarios_For_Starbucks_E2E_Functionality.java:135)\r\n\tat java.base/jdk.internal.reflect.NativeMethodAccessorImpl.invoke0(Native Method)\r\n\tat java.base/jdk.internal.reflect.NativeMethodAccessorImpl.invoke(NativeMethodAccessorImpl.java:77)\r\n\tat java.base/jdk.internal.reflect.DelegatingMethodAccessorImpl.invoke(DelegatingMethodAccessorImpl.java:43)\r\n\tat java.base/java.lang.reflect.Method.invoke(Method.java:568)\r\n\tat org.testng.internal.MethodInvocationHelper.invokeMethod(MethodInvocationHelper.java:80)\r\n\tat org.testng.internal.Invoker.invokeMethod(Invoker.java:714)\r\n\tat org.testng.internal.Invoker.invokeTestMethod(Invoker.java:901)\r\n\tat org.testng.internal.Invoker.invokeTestMethods(Invoker.java:1231)\r\n\tat org.testng.internal.TestMethodWorker.invokeTestMethods(TestMethodWorker.java:127)\r\n\tat org.testng.internal.TestMethodWorker.run(TestMethodWorker.java:111)\r\n\tat org.testng.TestRunner.privateRun(TestRunner.java:767)\r\n\tat org.testng.TestRunner.run(TestRunner.java:617)\r\n\tat org.testng.SuiteRunner.runTest(SuiteRunner.java:334)\r\n\tat org.testng.SuiteRunner.access$000(SuiteRunner.java:37)\r\n\tat org.testng.SuiteRunner$SuiteWorker.run(SuiteRunner.java:368)\r\n\tat org.testng.internal.thread.ThreadUtil$2.call(ThreadUtil.java:64)\r\n\tat java.base/java.util.concurrent.FutureTask.run(FutureTask.java:264)\r\n\tat java.base/java.util.concurrent.ThreadPoolExecutor.runWorker(ThreadPoolExecutor.java:1136)\r\n\tat java.base/java.util.concurrent.ThreadPoolExecutor$Worker.run(ThreadPoolExecutor.java:635)\r\n\tat java.base/java.lang.Thread.run(Thread.java:833)\r\nCaused by: org.openqa.selenium.NoSuchElementException: An element could not be located on the page using the given search parameters.\nFor documentation on this error, please visit: https://www.seleniumhq.org/exceptions/no_such_element.html\nBuild info: version: '3.141.59', revision: 'e82be7d358', time: '2018-11-14T08:17:03'\nSystem info: host: 'IQAL95-KUNDAN', ip: '192.168.5.216', os.name: 'Windows 11', os.arch: 'amd64', os.version: '10.0', java.version: '17.0.2'\nDriver info: io.appium.java_client.android.AndroidDriver\nCapabilities {appActivity: com.tsb.app.home.presentati..., appPackage: com.starbucks.in.beta, automationName: UiAutomator2, chromeOptions: {w3c: false}, databaseEnabled: false, desired: {appActivity: com.tsb.app.home.presentati..., appPackage: com.starbucks.in.beta, automationName: UiAutomator2, chromeOptions: {w3c: false}, deviceName: Galaxy A71, platformName: android, platformVersion: 13, udid: RZ8N21G4DTP}, deviceApiLevel: 33, deviceManufacturer: samsung, deviceModel: SM-A715F, deviceName: RZ8N21G4DTP, deviceScreenDensity: 420, deviceScreenSize: 1080x2400, deviceUDID: RZ8N21G4DTP, javascriptEnabled: true, locationContextEnabled: false, networkConnectionEnabled: true, pixelRatio: 2.625, platform: LINUX, platformName: Android, platformVersion: 13, statBarHeight: 91, takesScreenshot: true, udid: RZ8N21G4DTP, viewportRect: {height: 2092, left: 0, top: 91, width: 1080}, warnings: {}, webStorageEnabled: false}\nSession ID: 767a73e0-6bdf-4b52-8267-c6faa8ca9ddf\n*** Element info: {Using=xpath, value=//android.widget.EditText[@content-desc='edt_card_number']}\r\n\tat jdk.internal.reflect.GeneratedConstructorAccessor30.newInstance(Unknown Source)\r\n\tat java.base/jdk.internal.reflect.DelegatingConstructorAccessorImpl.newInstance(DelegatingConstructorAccessorImpl.java:45)\r\n\tat java.base/java.lang.reflect.Constructor.newInstanceWithCaller(Constructor.java:499)\r\n\tat java.base/java.lang.reflect.Constructor.newInstance(Constructor.java:480)\r\n\tat org.openqa.selenium.remote.http.W3CHttpResponseCodec.createException(W3CHttpResponseCodec.java:187)\r\n\tat org.openqa.selenium.remote.http.W3CHttpResponseCodec.decode(W3CHttpResponseCodec.java:122)\r\n\tat org.openqa.selenium.remote.http.W3CHttpResponseCodec.decode(W3CHttpResponseCodec.java:49)\r\n\tat org.openqa.selenium.remote.HttpCommandExecutor.execute(HttpCommandExecutor.java:158)\r\n\tat io.appium.java_client.remote.AppiumCommandExecutor.execute(AppiumCommandExecutor.java:239)\r\n\tat org.openqa.selenium.remote.RemoteWebDriver.execute(RemoteWebDriver.java:552)\r\n\tat io.appium.java_client.DefaultGenericMobileDriver.execute(DefaultGenericMobileDriver.java:41)\r\n\tat io.appium.java_client.AppiumDriver.execute(AppiumDriver.java:1)\r\n\tat io.appium.java_client.android.AndroidDriver.execute(AndroidDriver.java:1)\r\n\tat org.openqa.selenium.remote.RemoteWebDriver.findElement(RemoteWebDriver.java:323)\r\n\tat io.appium.java_client.DefaultGenericMobileDriver.findElement(DefaultGenericMobileDriver.java:61)\r\n\tat io.appium.java_client.AppiumDriver.findElement(AppiumDriver.java:1)\r\n\tat io.appium.java_client.android.AndroidDriver.findElement(AndroidDriver.java:1)\r\n\tat org.openqa.selenium.remote.RemoteWebDriver.findElementByXPath(RemoteWebDriver.java:428)\r\n\tat io.appium.java_client.DefaultGenericMobileDriver.findElementByXPath(DefaultGenericMobileDriver.java:151)\r\n\tat io.appium.java_client.AppiumDriver.findElementByXPath(AppiumDriver.java:1)\r\n\tat io.appium.java_client.android.AndroidDriver.findElementByXPath(AndroidDriver.java:1)\r\n\tat org.openqa.selenium.By$ByXPath.findElement(By.java:353)\r\n\tat org.openqa.selenium.remote.RemoteWebDriver.findElement(RemoteWebDriver.java:315)\r\n\tat io.appium.java_client.DefaultGenericMobileDriver.findElement(DefaultGenericMobileDriver.java:57)\r\n\tat io.appium.java_client.AppiumDriver.findElement(AppiumDriver.java:1)\r\n\tat io.appium.java_client.android.AndroidDriver.findElement(AndroidDriver.java:1)\r\n\tat org.openqa.selenium.support.ui.ExpectedConditions$7.apply(ExpectedConditions.java:205)\r\n\tat org.openqa.selenium.support.ui.ExpectedConditions$7.apply(ExpectedConditions.java:201)\r\n\tat org.openqa.selenium.support.ui.FluentWait.until(FluentWait.java:249)\r\n\t... 24 more\r\n"},"stage":"finished","description":"Verify that user is successfully able to enter card details & proceed to pay","steps":[{"name":"Enter Card Details 123","status":"broken","statusDetails":{"known":false,"muted":false,"flaky":false,"message":"Expected condition failed: waiting for visibility of element located by By.xpath: //android.widget.EditText[@content-desc='edt_card_number'] (tried for 3 second(s) with 500 milliseconds interval)","trace":"org.openqa.selenium.TimeoutException: Expected condition failed: waiting for visibility of element located by By.xpath: //android.widget.EditText[@content-desc='edt_card_number'] (tried for 3 second(s) with 500 milliseconds interval)\r\n\tat org.openqa.selenium.support.ui.WebDriverWait.timeoutException(WebDriverWait.java:95)\r\n\tat org.openqa.selenium.support.ui.FluentWait.until(FluentWait.java:272)\r\n\tat com.pricer.utilities.AppiumUtils.waitForElementToDisplay(AppiumUtils.java:582)\r\n\tat com.pricer.utilities.AppiumUtils.enterText(AppiumUtils.java:735)\r\n\tat com.pricer.page.mobile.starbucks.PaymentPage.enterCardDetails(PaymentPage.java:46)\r\n\tat com.starbucks.mobile.Test_Scenarios_For_Starbucks_E2E_Functionality.verify_ProceedToPay(Test_Scenarios_For_Starbucks_E2E_Functionality.java:135)\r\n\tat java.base/jdk.internal.reflect.NativeMethodAccessorImpl.invoke0(Native Method)\r\n\tat java.base/jdk.internal.reflect.NativeMethodAccessorImpl.invoke(NativeMethodAccessorImpl.java:77)\r\n\tat java.base/jdk.internal.reflect.DelegatingMethodAccessorImpl.invoke(DelegatingMethodAccessorImpl.java:43)\r\n\tat java.base/java.lang.reflect.Method.invoke(Method.java:568)\r\n\tat org.testng.internal.MethodInvocationHelper.invokeMethod(MethodInvocationHelper.java:80)\r\n\tat org.testng.internal.Invoker.invokeMethod(Invoker.java:714)\r\n\tat org.testng.internal.Invoker.invokeTestMethod(Invoker.java:901)\r\n\tat org.testng.internal.Invoker.invokeTestMethods(Invoker.java:1231)\r\n\tat org.testng.internal.TestMethodWorker.invokeTestMethods(TestMethodWorker.java:127)\r\n\tat org.testng.internal.TestMethodWorker.run(TestMethodWorker.java:111)\r\n\tat org.testng.TestRunner.privateRun(TestRunner.java:767)\r\n\tat org.testng.TestRunner.run(TestRunner.java:617)\r\n\tat org.testng.SuiteRunner.runTest(SuiteRunner.java:334)\r\n\tat org.testng.SuiteRunner.access$000(SuiteRunner.java:37)\r\n\tat org.testng.SuiteRunner$SuiteWorker.run(SuiteRunner.java:368)\r\n\tat org.testng.internal.thread.ThreadUtil$2.call(ThreadUtil.java:64)\r\n\tat java.base/java.util.concurrent.FutureTask.run(FutureTask.java:264)\r\n\tat java.base/java.util.concurrent.ThreadPoolExecutor.runWorker(ThreadPoolExecutor.java:1136)\r\n\tat java.base/java.util.concurrent.ThreadPoolExecutor$Worker.run(ThreadPoolExecutor.java:635)\r\n\tat java.base/java.lang.Thread.run(Thread.java:833)\r\nCaused by: org.openqa.selenium.NoSuchElementException: An element could not be located on the page using the given search parameters.\nFor documentation on this error, please visit: https://www.seleniumhq.org/exceptions/no_such_element.html\nBuild info: version: '3.141.59', revision: 'e82be7d358', time: '2018-11-14T08:17:03'\nSystem info: host: 'IQAL95-KUNDAN', ip: '192.168.5.216', os.name: 'Windows 11', os.arch: 'amd64', os.version: '10.0', java.version: '17.0.2'\nDriver info: io.appium.java_client.android.AndroidDriver\nCapabilities {appActivity: com.tsb.app.home.presentati..., appPackage: com.starbucks.in.beta, automationName: UiAutomator2, chromeOptions: {w3c: false}, databaseEnabled: false, desired: {appActivity: com.tsb.app.home.presentati..., appPackage: com.starbucks.in.beta, automationName: UiAutomator2, chromeOptions: {w3c: false}, deviceName: Galaxy A71, platformName: android, platformVersion: 13, udid: RZ8N21G4DTP}, deviceApiLevel: 33, deviceManufacturer: samsung, deviceModel: SM-A715F, deviceName: RZ8N21G4DTP, deviceScreenDensity: 420, deviceScreenSize: 1080x2400, deviceUDID: RZ8N21G4DTP, javascriptEnabled: true, locationContextEnabled: false, networkConnectionEnabled: true, pixelRatio: 2.625, platform: LINUX, platformName: Android, platformVersion: 13, statBarHeight: 91, takesScreenshot: true, udid: RZ8N21G4DTP, viewportRect: {height: 2092, left: 0, top: 91, width: 1080}, warnings: {}, webStorageEnabled: false}\nSession ID: 767a73e0-6bdf-4b52-8267-c6faa8ca9ddf\n*** Element info: {Using=xpath, value=//android.widget.EditText[@content-desc='edt_card_number']}\r\n\tat jdk.internal.reflect.GeneratedConstructorAccessor30.newInstance(Unknown Source)\r\n\tat java.base/jdk.internal.reflect.DelegatingConstructorAccessorImpl.newInstance(DelegatingConstructorAccessorImpl.java:45)\r\n\tat java.base/java.lang.reflect.Constructor.newInstanceWithCaller(Constructor.java:499)\r\n\tat java.base/java.lang.reflect.Constructor.newInstance(Constructor.java:480)\r\n\tat org.openqa.selenium.remote.http.W3CHttpResponseCodec.createException(W3CHttpResponseCodec.java:187)\r\n\tat org.openqa.selenium.remote.http.W3CHttpResponseCodec.decode(W3CHttpResponseCodec.java:122)\r\n\tat org.openqa.selenium.remote.http.W3CHttpResponseCodec.decode(W3CHttpResponseCodec.java:49)\r\n\tat org.openqa.selenium.remote.HttpCommandExecutor.execute(HttpCommandExecutor.java:158)\r\n\tat io.appium.java_client.remote.AppiumCommandExecutor.execute(AppiumCommandExecutor.java:239)\r\n\tat org.openqa.selenium.remote.RemoteWebDriver.execute(RemoteWebDriver.java:552)\r\n\tat io.appium.java_client.DefaultGenericMobileDriver.execute(DefaultGenericMobileDriver.java:41)\r\n\tat io.appium.java_client.AppiumDriver.execute(AppiumDriver.java:1)\r\n\tat io.appium.java_client.android.AndroidDriver.execute(AndroidDriver.java:1)\r\n\tat org.openqa.selenium.remote.RemoteWebDriver.findElement(RemoteWebDriver.java:323)\r\n\tat io.appium.java_client.DefaultGenericMobileDriver.findElement(DefaultGenericMobileDriver.java:61)\r\n\tat io.appium.java_client.AppiumDriver.findElement(AppiumDriver.java:1)\r\n\tat io.appium.java_client.android.AndroidDriver.findElement(AndroidDriver.java:1)\r\n\tat org.openqa.selenium.remote.RemoteWebDriver.findElementByXPath(RemoteWebDriver.java:428)\r\n\tat io.appium.java_client.DefaultGenericMobileDriver.findElementByXPath(DefaultGenericMobileDriver.java:151)\r\n\tat io.appium.java_client.AppiumDriver.findElementByXPath(AppiumDriver.java:1)\r\n\tat io.appium.java_client.android.AndroidDriver.findElementByXPath(AndroidDriver.java:1)\r\n\tat org.openqa.selenium.By$ByXPath.findElement(By.java:353)\r\n\tat org.openqa.selenium.remote.RemoteWebDriver.findElement(RemoteWebDriver.java:315)\r\n\tat io.appium.java_client.DefaultGenericMobileDriver.findElement(DefaultGenericMobileDriver.java:57)\r\n\tat io.appium.java_client.AppiumDriver.findElement(AppiumDriver.java:1)\r\n\tat io.appium.java_client.android.AndroidDriver.findElement(AndroidDriver.java:1)\r\n\tat org.openqa.selenium.support.ui.ExpectedConditions$7.apply(ExpectedConditions.java:205)\r\n\tat org.openqa.selenium.support.ui.ExpectedConditions$7.apply(ExpectedConditions.java:201)\r\n\tat org.openqa.selenium.support.ui.FluentWait.until(FluentWait.java:249)\r\n\t... 24 more\r\n"},"stage":"finished","steps":[{"name":"is Element 'txtCardNumber' Displayed","status":"passed","stage":"finished","steps":[],"attachments":[],"parameters":[{"name":"locatorName","value":"txtCardNumber"},{"name":"waitTimeInSeconds","value":"30"}],"start":1721632858709,"stop":1721632888927},{"name":"Enter 'txtCardNumber' with the value '5123456789012346'","status":"broken","statusDetails":{"known":false,"muted":false,"flaky":false,"message":"Expected condition failed: waiting for visibility of element located by By.xpath: //android.widget.EditText[@content-desc='edt_card_number'] (tried for 3 second(s) with 500 milliseconds interval)","trace":"org.openqa.selenium.TimeoutException: Expected condition failed: waiting for visibility of element located by By.xpath: //android.widget.EditText[@content-desc='edt_card_number'] (tried for 3 second(s) with 500 milliseconds interval)\r\n\tat org.openqa.selenium.support.ui.WebDriverWait.timeoutException(WebDriverWait.java:95)\r\n\tat org.openqa.selenium.support.ui.FluentWait.until(FluentWait.java:272)\r\n\tat com.pricer.utilities.AppiumUtils.waitForElementToDisplay(AppiumUtils.java:582)\r\n\tat com.pricer.utilities.AppiumUtils.enterText(AppiumUtils.java:735)\r\n\tat com.pricer.page.mobile.starbucks.PaymentPage.enterCardDetails(PaymentPage.java:46)\r\n\tat com.starbucks.mobile.Test_Scenarios_For_Starbucks_E2E_Functionality.verify_ProceedToPay(Test_Scenarios_For_Starbucks_E2E_Functionality.java:135)\r\n\tat java.base/jdk.internal.reflect.NativeMethodAccessorImpl.invoke0(Native Method)\r\n\tat java.base/jdk.internal.reflect.NativeMethodAccessorImpl.invoke(NativeMethodAccessorImpl.java:77)\r\n\tat java.base/jdk.internal.reflect.DelegatingMethodAccessorImpl.invoke(DelegatingMethodAccessorImpl.java:43)\r\n\tat java.base/java.lang.reflect.Method.invoke(Method.java:568)\r\n\tat org.testng.internal.MethodInvocationHelper.invokeMethod(MethodInvocationHelper.java:80)\r\n\tat org.testng.internal.Invoker.invokeMethod(Invoker.java:714)\r\n\tat org.testng.internal.Invoker.invokeTestMethod(Invoker.java:901)\r\n\tat org.testng.internal.Invoker.invokeTestMethods(Invoker.java:1231)\r\n\tat org.testng.internal.TestMethodWorker.invokeTestMethods(TestMethodWorker.java:127)\r\n\tat org.testng.internal.TestMethodWorker.run(TestMethodWorker.java:111)\r\n\tat org.testng.TestRunner.privateRun(TestRunner.java:767)\r\n\tat org.testng.TestRunner.run(TestRunner.java:617)\r\n\tat org.testng.SuiteRunner.runTest(SuiteRunner.java:334)\r\n\tat org.testng.SuiteRunner.access$000(SuiteRunner.java:37)\r\n\tat org.testng.SuiteRunner$SuiteWorker.run(SuiteRunner.java:368)\r\n\tat org.testng.internal.thread.ThreadUtil$2.call(ThreadUtil.java:64)\r\n\tat java.base/java.util.concurrent.FutureTask.run(FutureTask.java:264)\r\n\tat java.base/java.util.concurrent.ThreadPoolExecutor.runWorker(ThreadPoolExecutor.java:1136)\r\n\tat java.base/java.util.concurrent.ThreadPoolExecutor$Worker.run(ThreadPoolExecutor.java:635)\r\n\tat java.base/java.lang.Thread.run(Thread.java:833)\r\nCaused by: org.openqa.selenium.NoSuchElementException: An element could not be located on the page using the given search parameters.\nFor documentation on this error, please visit: https://www.seleniumhq.org/exceptions/no_such_element.html\nBuild info: version: '3.141.59', revision: 'e82be7d358', time: '2018-11-14T08:17:03'\nSystem info: host: 'IQAL95-KUNDAN', ip: '192.168.5.216', os.name: 'Windows 11', os.arch: 'amd64', os.version: '10.0', java.version: '17.0.2'\nDriver info: io.appium.java_client.android.AndroidDriver\nCapabilities {appActivity: com.tsb.app.home.presentati..., appPackage: com.starbucks.in.beta, automationName: UiAutomator2, chromeOptions: {w3c: false}, databaseEnabled: false, desired: {appActivity: com.tsb.app.home.presentati..., appPackage: com.starbucks.in.beta, automationName: UiAutomator2, chromeOptions: {w3c: false}, deviceName: Galaxy A71, platformName: android, platformVersion: 13, udid: RZ8N21G4DTP}, deviceApiLevel: 33, deviceManufacturer: samsung, deviceModel: SM-A715F, deviceName: RZ8N21G4DTP, deviceScreenDensity: 420, deviceScreenSize: 1080x2400, deviceUDID: RZ8N21G4DTP, javascriptEnabled: true, locationContextEnabled: false, networkConnectionEnabled: true, pixelRatio: 2.625, platform: LINUX, platformName: Android, platformVersion: 13, statBarHeight: 91, takesScreenshot: true, udid: RZ8N21G4DTP, viewportRect: {height: 2092, left: 0, top: 91, width: 1080}, warnings: {}, webStorageEnabled: false}\nSession ID: 767a73e0-6bdf-4b52-8267-c6faa8ca9ddf\n*** Element info: {Using=xpath, value=//android.widget.EditText[@content-desc='edt_card_number']}\r\n\tat jdk.internal.reflect.GeneratedConstructorAccessor30.newInstance(Unknown Source)\r\n\tat java.base/jdk.internal.reflect.DelegatingConstructorAccessorImpl.newInstance(DelegatingConstructorAccessorImpl.java:45)\r\n\tat java.base/java.lang.reflect.Constructor.newInstanceWithCaller(Constructor.java:499)\r\n\tat java.base/java.lang.reflect.Constructor.newInstance(Constructor.java:480)\r\n\tat org.openqa.selenium.remote.http.W3CHttpResponseCodec.createException(W3CHttpResponseCodec.java:187)\r\n\tat org.openqa.selenium.remote.http.W3CHttpResponseCodec.decode(W3CHttpResponseCodec.java:122)\r\n\tat org.openqa.selenium.remote.http.W3CHttpResponseCodec.decode(W3CHttpResponseCodec.java:49)\r\n\tat org.openqa.selenium.remote.HttpCommandExecutor.execute(HttpCommandExecutor.java:158)\r\n\tat io.appium.java_client.remote.AppiumCommandExecutor.execute(AppiumCommandExecutor.java:239)\r\n\tat org.openqa.selenium.remote.RemoteWebDriver.execute(RemoteWebDriver.java:552)\r\n\tat io.appium.java_client.DefaultGenericMobileDriver.execute(DefaultGenericMobileDriver.java:41)\r\n\tat io.appium.java_client.AppiumDriver.execute(AppiumDriver.java:1)\r\n\tat io.appium.java_client.android.AndroidDriver.execute(AndroidDriver.java:1)\r\n\tat org.openqa.selenium.remote.RemoteWebDriver.findElement(RemoteWebDriver.java:323)\r\n\tat io.appium.java_client.DefaultGenericMobileDriver.findElement(DefaultGenericMobileDriver.java:61)\r\n\tat io.appium.java_client.AppiumDriver.findElement(AppiumDriver.java:1)\r\n\tat io.appium.java_client.android.AndroidDriver.findElement(AndroidDriver.java:1)\r\n\tat org.openqa.selenium.remote.RemoteWebDriver.findElementByXPath(RemoteWebDriver.java:428)\r\n\tat io.appium.java_client.DefaultGenericMobileDriver.findElementByXPath(DefaultGenericMobileDriver.java:151)\r\n\tat io.appium.java_client.AppiumDriver.findElementByXPath(AppiumDriver.java:1)\r\n\tat io.appium.java_client.android.AndroidDriver.findElementByXPath(AndroidDriver.java:1)\r\n\tat org.openqa.selenium.By$ByXPath.findElement(By.java:353)\r\n\tat org.openqa.selenium.remote.RemoteWebDriver.findElement(RemoteWebDriver.java:315)\r\n\tat io.appium.java_client.DefaultGenericMobileDriver.findElement(DefaultGenericMobileDriver.java:57)\r\n\tat io.appium.java_client.AppiumDriver.findElement(AppiumDriver.java:1)\r\n\tat io.appium.java_client.android.AndroidDriver.findElement(AndroidDriver.java:1)\r\n\tat org.openqa.selenium.support.ui.ExpectedConditions$7.apply(ExpectedConditions.java:205)\r\n\tat org.openqa.selenium.support.ui.ExpectedConditions$7.apply(ExpectedConditions.java:201)\r\n\tat org.openqa.selenium.support.ui.FluentWait.until(FluentWait.java:249)\r\n\t... 24 more\r\n"},"stage":"finished","steps":[{"name":"Wait For Element 'txtCardNumber' To Display","status":"broken","statusDetails":{"known":false,"muted":false,"flaky":false,"message":"Expected condition failed: waiting for visibility of element located by By.xpath: //android.widget.EditText[@content-desc='edt_card_number'] (tried for 3 second(s) with 500 milliseconds interval)","trace":"org.openqa.selenium.TimeoutException: Expected condition failed: waiting for visibility of element located by By.xpath: //android.widget.EditText[@content-desc='edt_card_number'] (tried for 3 second(s) with 500 milliseconds interval)\r\n\tat org.openqa.selenium.support.ui.WebDriverWait.timeoutException(WebDriverWait.java:95)\r\n\tat org.openqa.selenium.support.ui.FluentWait.until(FluentWait.java:272)\r\n\tat com.pricer.utilities.AppiumUtils.waitForElementToDisplay(AppiumUtils.java:582)\r\n\tat com.pricer.utilities.AppiumUtils.enterText(AppiumUtils.java:735)\r\n\tat com.pricer.page.mobile.starbucks.PaymentPage.enterCardDetails(PaymentPage.java:46)\r\n\tat com.starbucks.mobile.Test_Scenarios_For_Starbucks_E2E_Functionality.verify_ProceedToPay(Test_Scenarios_For_Starbucks_E2E_Functionality.java:135)\r\n\tat java.base/jdk.internal.reflect.NativeMethodAccessorImpl.invoke0(Native Method)\r\n\tat java.base/jdk.internal.reflect.NativeMethodAccessorImpl.invoke(NativeMethodAccessorImpl.java:77)\r\n\tat java.base/jdk.internal.reflect.DelegatingMethodAccessorImpl.invoke(DelegatingMethodAccessorImpl.java:43)\r\n\tat java.base/java.lang.reflect.Method.invoke(Method.java:568)\r\n\tat org.testng.internal.MethodInvocationHelper.invokeMethod(MethodInvocationHelper.java:80)\r\n\tat org.testng.internal.Invoker.invokeMethod(Invoker.java:714)\r\n\tat org.testng.internal.Invoker.invokeTestMethod(Invoker.java:901)\r\n\tat org.testng.internal.Invoker.invokeTestMethods(Invoker.java:1231)\r\n\tat org.testng.internal.TestMethodWorker.invokeTestMethods(TestMethodWorker.java:127)\r\n\tat org.testng.internal.TestMethodWorker.run(TestMethodWorker.java:111)\r\n\tat org.testng.TestRunner.privateRun(TestRunner.java:767)\r\n\tat org.testng.TestRunner.run(TestRunner.java:617)\r\n\tat org.testng.SuiteRunner.runTest(SuiteRunner.java:334)\r\n\tat org.testng.SuiteRunner.access$000(SuiteRunner.java:37)\r\n\tat org.testng.SuiteRunner$SuiteWorker.run(SuiteRunner.java:368)\r\n\tat org.testng.internal.thread.ThreadUtil$2.call(ThreadUtil.java:64)\r\n\tat java.base/java.util.concurrent.FutureTask.run(FutureTask.java:264)\r\n\tat java.base/java.util.concurrent.ThreadPoolExecutor.runWorker(ThreadPoolExecutor.java:1136)\r\n\tat java.base/java.util.concurrent.ThreadPoolExecutor$Worker.run(ThreadPoolExecutor.java:635)\r\n\tat java.base/java.lang.Thread.run(Thread.java:833)\r\nCaused by: org.openqa.selenium.NoSuchElementException: An element could not be located on the page using the given search parameters.\nFor documentation on this error, please visit: https://www.seleniumhq.org/exceptions/no_such_element.html\nBuild info: version: '3.141.59', revision: 'e82be7d358', time: '2018-11-14T08:17:03'\nSystem info: host: 'IQAL95-KUNDAN', ip: '192.168.5.216', os.name: 'Windows 11', os.arch: 'amd64', os.version: '10.0', java.version: '17.0.2'\nDriver info: io.appium.java_client.android.AndroidDriver\nCapabilities {appActivity: com.tsb.app.home.presentati..., appPackage: com.starbucks.in.beta, automationName: UiAutomator2, chromeOptions: {w3c: false}, databaseEnabled: false, desired: {appActivity: com.tsb.app.home.presentati..., appPackage: com.starbucks.in.beta, automationName: UiAutomator2, chromeOptions: {w3c: false}, deviceName: Galaxy A71, platformName: android, platformVersion: 13, udid: RZ8N21G4DTP}, deviceApiLevel: 33, deviceManufacturer: samsung, deviceModel: SM-A715F, deviceName: RZ8N21G4DTP, deviceScreenDensity: 420, deviceScreenSize: 1080x2400, deviceUDID: RZ8N21G4DTP, javascriptEnabled: true, locationContextEnabled: false, networkConnectionEnabled: true, pixelRatio: 2.625, platform: LINUX, platformName: Android, platformVersion: 13, statBarHeight: 91, takesScreenshot: true, udid: RZ8N21G4DTP, viewportRect: {height: 2092, left: 0, top: 91, width: 1080}, warnings: {}, webStorageEnabled: false}\nSession ID: 767a73e0-6bdf-4b52-8267-c6faa8ca9ddf\n*** Element info: {Using=xpath, value=//android.widget.EditText[@content-desc='edt_card_number']}\r\n\tat jdk.internal.reflect.GeneratedConstructorAccessor30.newInstance(Unknown Source)\r\n\tat java.base/jdk.internal.reflect.DelegatingConstructorAccessorImpl.newInstance(DelegatingConstructorAccessorImpl.java:45)\r\n\tat java.base/java.lang.reflect.Constructor.newInstanceWithCaller(Constructor.java:499)\r\n\tat java.base/java.lang.reflect.Constructor.newInstance(Constructor.java:480)\r\n\tat org.openqa.selenium.remote.http.W3CHttpResponseCodec.createException(W3CHttpResponseCodec.java:187)\r\n\tat org.openqa.selenium.remote.http.W3CHttpResponseCodec.decode(W3CHttpResponseCodec.java:122)\r\n\tat org.openqa.selenium.remote.http.W3CHttpResponseCodec.decode(W3CHttpResponseCodec.java:49)\r\n\tat org.openqa.selenium.remote.HttpCommandExecutor.execute(HttpCommandExecutor.java:158)\r\n\tat io.appium.java_client.remote.AppiumCommandExecutor.execute(AppiumCommandExecutor.java:239)\r\n\tat org.openqa.selenium.remote.RemoteWebDriver.execute(RemoteWebDriver.java:552)\r\n\tat io.appium.java_client.DefaultGenericMobileDriver.execute(DefaultGenericMobileDriver.java:41)\r\n\tat io.appium.java_client.AppiumDriver.execute(AppiumDriver.java:1)\r\n\tat io.appium.java_client.android.AndroidDriver.execute(AndroidDriver.java:1)\r\n\tat org.openqa.selenium.remote.RemoteWebDriver.findElement(RemoteWebDriver.java:323)\r\n\tat io.appium.java_client.DefaultGenericMobileDriver.findElement(DefaultGenericMobileDriver.java:61)\r\n\tat io.appium.java_client.AppiumDriver.findElement(AppiumDriver.java:1)\r\n\tat io.appium.java_client.android.AndroidDriver.findElement(AndroidDriver.java:1)\r\n\tat org.openqa.selenium.remote.RemoteWebDriver.findElementByXPath(RemoteWebDriver.java:428)\r\n\tat io.appium.java_client.DefaultGenericMobileDriver.findElementByXPath(DefaultGenericMobileDriver.java:151)\r\n\tat io.appium.java_client.AppiumDriver.findElementByXPath(AppiumDriver.java:1)\r\n\tat io.appium.java_client.android.AndroidDriver.findElementByXPath(AndroidDriver.java:1)\r\n\tat org.openqa.selenium.By$ByXPath.findElement(By.java:353)\r\n\tat org.openqa.selenium.remote.RemoteWebDriver.findElement(RemoteWebDriver.java:315)\r\n\tat io.appium.java_client.DefaultGenericMobileDriver.findElement(DefaultGenericMobileDriver.java:57)\r\n\tat io.appium.java_client.AppiumDriver.findElement(AppiumDriver.java:1)\r\n\tat io.appium.java_client.android.AndroidDriver.findElement(AndroidDriver.java:1)\r\n\tat org.openqa.selenium.support.ui.ExpectedConditions$7.apply(ExpectedConditions.java:205)\r\n\tat org.openqa.selenium.support.ui.ExpectedConditions$7.apply(ExpectedConditions.java:201)\r\n\tat org.openqa.selenium.support.ui.FluentWait.until(FluentWait.java:249)\r\n\t... 24 more\r\n"},"stage":"finished","steps":[],"attachments":[],"parameters":[{"name":"locatorName","value":"txtCardNumber"}],"start":1721632888927,"stop":1721632892491}],"attachments":[],"parameters":[{"name":"locatorName","value":"txtCardNumber"},{"name":"value","value":"5123456789012346"}],"start":1721632888927,"stop":1721632892492}],"attachments":[],"parameters":[{"name":"cardNumber","value":"5123456789012346"},{"name":"expiry","value":"05/25"},{"name":"cvv","value":"123"}],"start":1721632858709,"stop":1721632892492}],"attachments":[{"name":"Page screenshot","source":"87532d42-3b24-4be2-be23-9811a67f3324-attachment","type":"image/png"},{"name":"failed and screenshot taken!","source":"de445160-ac06-4cbc-834c-71154efea4bc-attachment","type":"text/plain"}],"parameters":[{"name":"dataID","value":"Starbucks_Mobile_Automation"}],"start":1721632858686,"stop":1721632893336,"uuid":"4568c30c-b838-49f7-919b-83a3c1d5336e","historyId":"42eb55f6a8b07e4f33e8a24cffe68813","fullName":"com.starbucks.mobile.Test_Scenarios_For_Starbucks_E2E_Functionality.verify_ProceedToPay","labels":[{"name":"package","value":"com.starbucks.mobile.Test_Scenarios_For_Starbucks_E2E_Functionality"},{"name":"testClass","value":"com.starbucks.mobile.Test_Scenarios_For_Starbucks_E2E_Functionality"},{"name":"testMethod","value":"verify_ProceedToPay"},{"name":"parentSuite","value":"Mobile_Test_Execution_Suite"},{"name":"suite","value":"Starbucks_Mobile_Test"},{"name":"subSuite","value":"com.starbucks.mobile.Test_Scenarios_For_Starbucks_E2E_Functionality"},{"name":"host","value":"IQAL95-Kundan"},{"name":"thread","value":"23976@IQAL95-Kundan.TestNG(26)"},{"name":"framework","value":"testng"},{"name":"language","value":"java"},{"name":"story","value":"verify payment page functionality"},{"name":"epic","value":"Test Android or iOS"},{"name":"feature","value":"Test Android Execution"}],"links":[]}