{"name":"TC006_Verify that user is successfully able to navigate to Ordering Page","status":"failed","statusDetails":{"known":false,"muted":false,"flaky":false,"message":"Fail","trace":"java.lang.AssertionError: Fail\r\n\tat org.testng.Assert.fail(Assert.java:94)\r\n\tat com.starbucks.web.Test_Scenarios_For_Starbucks_E2E_Functionality.verify_UserSuccessfullyAbleToNavigateToOrderingPage(Test_Scenarios_For_Starbucks_E2E_Functionality.java:144)\r\n\tat java.base/jdk.internal.reflect.NativeMethodAccessorImpl.invoke0(Native Method)\r\n\tat java.base/jdk.internal.reflect.NativeMethodAccessorImpl.invoke(NativeMethodAccessorImpl.java:77)\r\n\tat java.base/jdk.internal.reflect.DelegatingMethodAccessorImpl.invoke(DelegatingMethodAccessorImpl.java:43)\r\n\tat java.base/java.lang.reflect.Method.invoke(Method.java:568)\r\n\tat org.testng.internal.MethodInvocationHelper.invokeMethod(MethodInvocationHelper.java:80)\r\n\tat org.testng.internal.Invoker.invokeMethod(Invoker.java:714)\r\n\tat org.testng.internal.Invoker.invokeTestMethod(Invoker.java:901)\r\n\tat org.testng.internal.Invoker.invokeTestMethods(Invoker.java:1231)\r\n\tat org.testng.internal.TestMethodWorker.invokeTestMethods(TestMethodWorker.java:127)\r\n\tat org.testng.internal.TestMethodWorker.run(TestMethodWorker.java:111)\r\n\tat java.base/java.util.concurrent.ThreadPoolExecutor.runWorker(ThreadPoolExecutor.java:1136)\r\n\tat java.base/java.util.concurrent.ThreadPoolExecutor$Worker.run(ThreadPoolExecutor.java:635)\r\n\tat java.base/java.lang.Thread.run(Thread.java:833)\r\n"},"stage":"finished","description":"Verify that user is successfully able to navigate to Ordering Page","steps":[{"name":"Click on Order Now Button","status":"passed","stage":"finished","steps":[{"name":"is Element 'btnOrderNow' Displayed","status":"passed","stage":"finished","steps":[],"attachments":[],"parameters":[{"name":"locatorName","value":"btnOrderNow"},{"name":"waitTime","value":"30"}],"start":1721739406493,"stop":1721739406571},{"name":"Click 'btnOrderNow'","status":"passed","stage":"finished","steps":[{"name":"Wait For Element 'btnOrderNow' To Be Clickable","status":"passed","stage":"finished","steps":[{"name":"Wait For Element 'btnOrderNow' To Display","status":"passed","stage":"finished","steps":[],"attachments":[],"parameters":[{"name":"locatorName","value":"btnOrderNow"}],"start":1721739406571,"stop":1721739406604}],"attachments":[],"parameters":[{"name":"locatorName","value":"btnOrderNow"}],"start":1721739406571,"stop":1721739406621}],"attachments":[],"parameters":[{"name":"locatorName","value":"btnOrderNow"}],"start":1721739406571,"stop":1721739406677}],"attachments":[],"parameters":[],"start":1721739406493,"stop":1721739406677},{"name":"Is Ordering Page Displayed","status":"passed","stage":"finished","steps":[{"name":"is Element 'btnBestSeller' Displayed","status":"broken","statusDetails":{"known":false,"muted":false,"flaky":false,"message":"Error occurred while getting object btnBestSeller. RepoFile: D:\\Local-Git\\TestDemoFramework/src/test/resources/PageReporties/web/StorePage.xml. java.lang.NullPointerException: Cannot invoke \"org.w3c.dom.Node.getNodeType()\" because \"nNode\" is null","trace":"java.lang.RuntimeException: Error occurred while getting object btnBestSeller. RepoFile: D:\\Local-Git\\TestDemoFramework/src/test/resources/PageReporties/web/StorePage.xml. java.lang.NullPointerException: Cannot invoke \"org.w3c.dom.Node.getNodeType()\" because \"nNode\" is null\r\n\tat com.starbucks.utilities.PageObjectRepoHelper.getObjectLocatorAsString(PageObjectRepoHelper.java:180)\r\n\tat com.starbucks.utilities.PageObjectRepoHelper.getObject(PageObjectRepoHelper.java:80)\r\n\tat com.starbucks.utilities.SeleniumUtils.isElementDisplayed(SeleniumUtils.java:165)\r\n\tat com.starbucks.page.web.starbucks.StorePage.isOrderingPageDisplayed(StorePage.java:72)\r\n\tat com.starbucks.web.Test_Scenarios_For_Starbucks_E2E_Functionality.verify_UserSuccessfullyAbleToNavigateToOrderingPage(Test_Scenarios_For_Starbucks_E2E_Functionality.java:140)\r\n\tat java.base/jdk.internal.reflect.NativeMethodAccessorImpl.invoke0(Native Method)\r\n\tat java.base/jdk.internal.reflect.NativeMethodAccessorImpl.invoke(NativeMethodAccessorImpl.java:77)\r\n\tat java.base/jdk.internal.reflect.DelegatingMethodAccessorImpl.invoke(DelegatingMethodAccessorImpl.java:43)\r\n\tat java.base/java.lang.reflect.Method.invoke(Method.java:568)\r\n\tat org.testng.internal.MethodInvocationHelper.invokeMethod(MethodInvocationHelper.java:80)\r\n\tat org.testng.internal.Invoker.invokeMethod(Invoker.java:714)\r\n\tat org.testng.internal.Invoker.invokeTestMethod(Invoker.java:901)\r\n\tat org.testng.internal.Invoker.invokeTestMethods(Invoker.java:1231)\r\n\tat org.testng.internal.TestMethodWorker.invokeTestMethods(TestMethodWorker.java:127)\r\n\tat org.testng.internal.TestMethodWorker.run(TestMethodWorker.java:111)\r\n\tat java.base/java.util.concurrent.ThreadPoolExecutor.runWorker(ThreadPoolExecutor.java:1136)\r\n\tat java.base/java.util.concurrent.ThreadPoolExecutor$Worker.run(ThreadPoolExecutor.java:635)\r\n\tat java.base/java.lang.Thread.run(Thread.java:833)\r\n"},"stage":"finished","steps":[],"attachments":[],"parameters":[{"name":"locatorName","value":"btnBestSeller"},{"name":"waitTime","value":"30"}],"start":1721739406677,"stop":1721739406689}],"attachments":[],"parameters":[],"start":1721739406677,"stop":1721739406689},{"name":"User is not able to navigate to Ordering Page","status":"failed","stage":"finished","steps":[],"attachments":[],"parameters":[],"start":1721739406689,"stop":1721739406689}],"attachments":[{"name":"Page screenshot","source":"9017627a-73fe-4358-9224-006f1eba2bdb-attachment","type":"image/png"},{"name":"failed and screenshot taken!","source":"74a9e565-a5ec-4349-978d-3be9d2c1a00c-attachment","type":"text/plain"}],"parameters":[{"name":"dataID","value":"Starbucks_Web_Automation"},{"name":"browser","value":"chrome."}],"start":1721739406493,"stop":1721739406906,"uuid":"408c6648-4acc-41d8-80c0-684ee678b726","historyId":"349b83b395dcbc7b9f90af70ca44ca22","fullName":"com.starbucks.web.Test_Scenarios_For_Starbucks_E2E_Functionality.verify_UserSuccessfullyAbleToNavigateToOrderingPage","labels":[{"name":"package","value":"com.starbucks.web.Test_Scenarios_For_Starbucks_E2E_Functionality"},{"name":"testClass","value":"com.starbucks.web.Test_Scenarios_For_Starbucks_E2E_Functionality"},{"name":"testMethod","value":"verify_UserSuccessfullyAbleToNavigateToOrderingPage"},{"name":"parentSuite","value":"Web_Test_Execution_Suite"},{"name":"suite","value":"Starbucks_Web_Test"},{"name":"subSuite","value":"com.starbucks.web.Test_Scenarios_For_Starbucks_E2E_Functionality"},{"name":"host","value":"IQAL95-Kundan"},{"name":"thread","value":"42916@IQAL95-Kundan.pool-1-thread-1(26)"},{"name":"framework","value":"testng"},{"name":"language","value":"java"},{"name":"story","value":"verify store page functionality"},{"name":"epic","value":"com/starbucks"},{"name":"feature","value":"Test Web Execution"}],"links":[]}