{"name":"TC005_Verify that user is successfully able to select desired store","status":"broken","statusDetails":{"known":false,"muted":false,"flaky":false,"message":"no such element: Unable to locate element: {\"method\":\"xpath\",\"selector\":\"//div[@class='pac-container pac-logo hdpi']/div[@class='pac-item']/span[contains(text(),'Netaji Subhash P')]\"}\n  (Session info: chrome=126.0.6478.128)\nFor documentation on this error, please visit: https://www.seleniumhq.org/exceptions/no_such_element.html\nBuild info: version: '3.141.59', revision: 'e82be7d358', time: '2018-11-14T08:17:03'\nSystem info: host: 'IQAL95-KUNDAN', ip: '192.168.1.34', os.name: 'Windows 11', os.arch: 'amd64', os.version: '10.0', java.version: '17.0.2'\nDriver info: org.openqa.selenium.chrome.ChromeDriver\nCapabilities {acceptInsecureCerts: false, browserName: chrome, browserVersion: 126.0.6478.128, chrome: {chromedriverVersion: 126.0.6478.182 (5b5d8292ddf..., userDataDir: C:\\Users\\Kundan\\AppData\\Loc...}, fedcm:accounts: true, goog:chromeOptions: {debuggerAddress: localhost:37787}, javascriptEnabled: true, networkConnectionEnabled: false, pageLoadStrategy: normal, platform: WINDOWS, platformName: WINDOWS, proxy: Proxy(), setWindowRect: true, strictFileInteractability: false, timeouts: {implicit: 0, pageLoad: 300000, script: 30000}, unhandledPromptBehavior: dismiss and notify, webauthn:extension:credBlob: true, webauthn:extension:largeBlob: true, webauthn:extension:minPinLength: true, webauthn:extension:prf: true, webauthn:virtualAuthenticators: true}\nSession ID: fdfc7c3fc82ca09003da012f9a7ffaa5\n*** Element info: {Using=xpath, value=//div[@class='pac-container pac-logo hdpi']/div[@class='pac-item']/span[contains(text(),'Netaji Subhash P')]}","trace":"org.openqa.selenium.NoSuchElementException: no such element: Unable to locate element: {\"method\":\"xpath\",\"selector\":\"//div[@class='pac-container pac-logo hdpi']/div[@class='pac-item']/span[contains(text(),'Netaji Subhash P')]\"}\n  (Session info: chrome=126.0.6478.128)\nFor documentation on this error, please visit: https://www.seleniumhq.org/exceptions/no_such_element.html\nBuild info: version: '3.141.59', revision: 'e82be7d358', time: '2018-11-14T08:17:03'\nSystem info: host: 'IQAL95-KUNDAN', ip: '192.168.1.34', os.name: 'Windows 11', os.arch: 'amd64', os.version: '10.0', java.version: '17.0.2'\nDriver info: org.openqa.selenium.chrome.ChromeDriver\nCapabilities {acceptInsecureCerts: false, browserName: chrome, browserVersion: 126.0.6478.128, chrome: {chromedriverVersion: 126.0.6478.182 (5b5d8292ddf..., userDataDir: C:\\Users\\Kundan\\AppData\\Loc...}, fedcm:accounts: true, goog:chromeOptions: {debuggerAddress: localhost:37787}, javascriptEnabled: true, networkConnectionEnabled: false, pageLoadStrategy: normal, platform: WINDOWS, platformName: WINDOWS, proxy: Proxy(), setWindowRect: true, strictFileInteractability: false, timeouts: {implicit: 0, pageLoad: 300000, script: 30000}, unhandledPromptBehavior: dismiss and notify, webauthn:extension:credBlob: true, webauthn:extension:largeBlob: true, webauthn:extension:minPinLength: true, webauthn:extension:prf: true, webauthn:virtualAuthenticators: true}\nSession ID: fdfc7c3fc82ca09003da012f9a7ffaa5\n*** Element info: {Using=xpath, value=//div[@class='pac-container pac-logo hdpi']/div[@class='pac-item']/span[contains(text(),'Netaji Subhash P')]}\r\n\tat java.base/jdk.internal.reflect.NativeConstructorAccessorImpl.newInstance0(Native Method)\r\n\tat java.base/jdk.internal.reflect.NativeConstructorAccessorImpl.newInstance(NativeConstructorAccessorImpl.java:77)\r\n\tat java.base/jdk.internal.reflect.DelegatingConstructorAccessorImpl.newInstance(DelegatingConstructorAccessorImpl.java:45)\r\n\tat java.base/java.lang.reflect.Constructor.newInstanceWithCaller(Constructor.java:499)\r\n\tat java.base/java.lang.reflect.Constructor.newInstance(Constructor.java:480)\r\n\tat org.openqa.selenium.remote.http.W3CHttpResponseCodec.createException(W3CHttpResponseCodec.java:187)\r\n\tat org.openqa.selenium.remote.http.W3CHttpResponseCodec.decode(W3CHttpResponseCodec.java:122)\r\n\tat org.openqa.selenium.remote.http.W3CHttpResponseCodec.decode(W3CHttpResponseCodec.java:49)\r\n\tat org.openqa.selenium.remote.HttpCommandExecutor.execute(HttpCommandExecutor.java:158)\r\n\tat org.openqa.selenium.remote.service.DriverCommandExecutor.execute(DriverCommandExecutor.java:83)\r\n\tat org.openqa.selenium.remote.RemoteWebDriver.execute(RemoteWebDriver.java:552)\r\n\tat org.openqa.selenium.remote.RemoteWebDriver.findElement(RemoteWebDriver.java:323)\r\n\tat org.openqa.selenium.remote.RemoteWebDriver.findElementByXPath(RemoteWebDriver.java:428)\r\n\tat org.openqa.selenium.By$ByXPath.findElement(By.java:353)\r\n\tat org.openqa.selenium.remote.RemoteWebDriver.findElement(RemoteWebDriver.java:315)\r\n\tat com.starbucks.page.web.starbucks.StorePage.enterAndSearchStore(StorePage.java:44)\r\n\tat com.starbucks.web.Test_Scenarios_For_Starbucks_E2E_Functionality.verify_UserSuccessfullyAbleToSelectDesiredStore(Test_Scenarios_For_Starbucks_E2E_Functionality.java:124)\r\n\tat java.base/jdk.internal.reflect.NativeMethodAccessorImpl.invoke0(Native Method)\r\n\tat java.base/jdk.internal.reflect.NativeMethodAccessorImpl.invoke(NativeMethodAccessorImpl.java:77)\r\n\tat java.base/jdk.internal.reflect.DelegatingMethodAccessorImpl.invoke(DelegatingMethodAccessorImpl.java:43)\r\n\tat java.base/java.lang.reflect.Method.invoke(Method.java:568)\r\n\tat org.testng.internal.MethodInvocationHelper.invokeMethod(MethodInvocationHelper.java:80)\r\n\tat org.testng.internal.Invoker.invokeMethod(Invoker.java:714)\r\n\tat org.testng.internal.Invoker.invokeTestMethod(Invoker.java:901)\r\n\tat org.testng.internal.Invoker.invokeTestMethods(Invoker.java:1231)\r\n\tat org.testng.internal.TestMethodWorker.invokeTestMethods(TestMethodWorker.java:127)\r\n\tat org.testng.internal.TestMethodWorker.run(TestMethodWorker.java:111)\r\n\tat java.base/java.util.concurrent.ThreadPoolExecutor.runWorker(ThreadPoolExecutor.java:1136)\r\n\tat java.base/java.util.concurrent.ThreadPoolExecutor$Worker.run(ThreadPoolExecutor.java:635)\r\n\tat java.base/java.lang.Thread.run(Thread.java:833)\r\n"},"stage":"finished","description":"Verify that user is successfully able to select desired store","steps":[{"name":"Enter and Search Store Netaji Subhash Place, Shakurpur, Delhi, India","status":"broken","statusDetails":{"known":false,"muted":false,"flaky":false,"message":"no such element: Unable to locate element: {\"method\":\"xpath\",\"selector\":\"//div[@class='pac-container pac-logo hdpi']/div[@class='pac-item']/span[contains(text(),'Netaji Subhash P')]\"}\n  (Session info: chrome=126.0.6478.128)\nFor documentation on this error, please visit: https://www.seleniumhq.org/exceptions/no_such_element.html\nBuild info: version: '3.141.59', revision: 'e82be7d358', time: '2018-11-14T08:17:03'\nSystem info: host: 'IQAL95-KUNDAN', ip: '192.168.1.34', os.name: 'Windows 11', os.arch: 'amd64', os.version: '10.0', java.version: '17.0.2'\nDriver info: org.openqa.selenium.chrome.ChromeDriver\nCapabilities {acceptInsecureCerts: false, browserName: chrome, browserVersion: 126.0.6478.128, chrome: {chromedriverVersion: 126.0.6478.182 (5b5d8292ddf..., userDataDir: C:\\Users\\Kundan\\AppData\\Loc...}, fedcm:accounts: true, goog:chromeOptions: {debuggerAddress: localhost:37787}, javascriptEnabled: true, networkConnectionEnabled: false, pageLoadStrategy: normal, platform: WINDOWS, platformName: WINDOWS, proxy: Proxy(), setWindowRect: true, strictFileInteractability: false, timeouts: {implicit: 0, pageLoad: 300000, script: 30000}, unhandledPromptBehavior: dismiss and notify, webauthn:extension:credBlob: true, webauthn:extension:largeBlob: true, webauthn:extension:minPinLength: true, webauthn:extension:prf: true, webauthn:virtualAuthenticators: true}\nSession ID: fdfc7c3fc82ca09003da012f9a7ffaa5\n*** Element info: {Using=xpath, value=//div[@class='pac-container pac-logo hdpi']/div[@class='pac-item']/span[contains(text(),'Netaji Subhash P')]}","trace":"org.openqa.selenium.NoSuchElementException: no such element: Unable to locate element: {\"method\":\"xpath\",\"selector\":\"//div[@class='pac-container pac-logo hdpi']/div[@class='pac-item']/span[contains(text(),'Netaji Subhash P')]\"}\n  (Session info: chrome=126.0.6478.128)\nFor documentation on this error, please visit: https://www.seleniumhq.org/exceptions/no_such_element.html\nBuild info: version: '3.141.59', revision: 'e82be7d358', time: '2018-11-14T08:17:03'\nSystem info: host: 'IQAL95-KUNDAN', ip: '192.168.1.34', os.name: 'Windows 11', os.arch: 'amd64', os.version: '10.0', java.version: '17.0.2'\nDriver info: org.openqa.selenium.chrome.ChromeDriver\nCapabilities {acceptInsecureCerts: false, browserName: chrome, browserVersion: 126.0.6478.128, chrome: {chromedriverVersion: 126.0.6478.182 (5b5d8292ddf..., userDataDir: C:\\Users\\Kundan\\AppData\\Loc...}, fedcm:accounts: true, goog:chromeOptions: {debuggerAddress: localhost:37787}, javascriptEnabled: true, networkConnectionEnabled: false, pageLoadStrategy: normal, platform: WINDOWS, platformName: WINDOWS, proxy: Proxy(), setWindowRect: true, strictFileInteractability: false, timeouts: {implicit: 0, pageLoad: 300000, script: 30000}, unhandledPromptBehavior: dismiss and notify, webauthn:extension:credBlob: true, webauthn:extension:largeBlob: true, webauthn:extension:minPinLength: true, webauthn:extension:prf: true, webauthn:virtualAuthenticators: true}\nSession ID: fdfc7c3fc82ca09003da012f9a7ffaa5\n*** Element info: {Using=xpath, value=//div[@class='pac-container pac-logo hdpi']/div[@class='pac-item']/span[contains(text(),'Netaji Subhash P')]}\r\n\tat java.base/jdk.internal.reflect.NativeConstructorAccessorImpl.newInstance0(Native Method)\r\n\tat java.base/jdk.internal.reflect.NativeConstructorAccessorImpl.newInstance(NativeConstructorAccessorImpl.java:77)\r\n\tat java.base/jdk.internal.reflect.DelegatingConstructorAccessorImpl.newInstance(DelegatingConstructorAccessorImpl.java:45)\r\n\tat java.base/java.lang.reflect.Constructor.newInstanceWithCaller(Constructor.java:499)\r\n\tat java.base/java.lang.reflect.Constructor.newInstance(Constructor.java:480)\r\n\tat org.openqa.selenium.remote.http.W3CHttpResponseCodec.createException(W3CHttpResponseCodec.java:187)\r\n\tat org.openqa.selenium.remote.http.W3CHttpResponseCodec.decode(W3CHttpResponseCodec.java:122)\r\n\tat org.openqa.selenium.remote.http.W3CHttpResponseCodec.decode(W3CHttpResponseCodec.java:49)\r\n\tat org.openqa.selenium.remote.HttpCommandExecutor.execute(HttpCommandExecutor.java:158)\r\n\tat org.openqa.selenium.remote.service.DriverCommandExecutor.execute(DriverCommandExecutor.java:83)\r\n\tat org.openqa.selenium.remote.RemoteWebDriver.execute(RemoteWebDriver.java:552)\r\n\tat org.openqa.selenium.remote.RemoteWebDriver.findElement(RemoteWebDriver.java:323)\r\n\tat org.openqa.selenium.remote.RemoteWebDriver.findElementByXPath(RemoteWebDriver.java:428)\r\n\tat org.openqa.selenium.By$ByXPath.findElement(By.java:353)\r\n\tat org.openqa.selenium.remote.RemoteWebDriver.findElement(RemoteWebDriver.java:315)\r\n\tat com.starbucks.page.web.starbucks.StorePage.enterAndSearchStore(StorePage.java:44)\r\n\tat com.starbucks.web.Test_Scenarios_For_Starbucks_E2E_Functionality.verify_UserSuccessfullyAbleToSelectDesiredStore(Test_Scenarios_For_Starbucks_E2E_Functionality.java:124)\r\n\tat java.base/jdk.internal.reflect.NativeMethodAccessorImpl.invoke0(Native Method)\r\n\tat java.base/jdk.internal.reflect.NativeMethodAccessorImpl.invoke(NativeMethodAccessorImpl.java:77)\r\n\tat java.base/jdk.internal.reflect.DelegatingMethodAccessorImpl.invoke(DelegatingMethodAccessorImpl.java:43)\r\n\tat java.base/java.lang.reflect.Method.invoke(Method.java:568)\r\n\tat org.testng.internal.MethodInvocationHelper.invokeMethod(MethodInvocationHelper.java:80)\r\n\tat org.testng.internal.Invoker.invokeMethod(Invoker.java:714)\r\n\tat org.testng.internal.Invoker.invokeTestMethod(Invoker.java:901)\r\n\tat org.testng.internal.Invoker.invokeTestMethods(Invoker.java:1231)\r\n\tat org.testng.internal.TestMethodWorker.invokeTestMethods(TestMethodWorker.java:127)\r\n\tat org.testng.internal.TestMethodWorker.run(TestMethodWorker.java:111)\r\n\tat java.base/java.util.concurrent.ThreadPoolExecutor.runWorker(ThreadPoolExecutor.java:1136)\r\n\tat java.base/java.util.concurrent.ThreadPoolExecutor$Worker.run(ThreadPoolExecutor.java:635)\r\n\tat java.base/java.lang.Thread.run(Thread.java:833)\r\n"},"stage":"finished","steps":[{"name":"Get the selenium driver","status":"passed","stage":"finished","steps":[],"attachments":[],"parameters":[],"start":1721735151250,"stop":1721735151250},{"name":"is Element 'txtSearchStore' Displayed","status":"passed","stage":"finished","steps":[],"attachments":[],"parameters":[{"name":"locatorName","value":"txtSearchStore"},{"name":"waitTime","value":"30"}],"start":1721735156777,"stop":1721735156824},{"name":"Enter 'txtSearchStore' with the value 'Netaji Subhash Place, Shakurpur, Delhi, India'","status":"passed","stage":"finished","steps":[{"name":"Wait For Element 'txtSearchStore' To Display","status":"passed","stage":"finished","steps":[],"attachments":[],"parameters":[{"name":"locatorName","value":"txtSearchStore"}],"start":1721735156824,"stop":1721735156839}],"attachments":[],"parameters":[{"name":"locatorName","value":"txtSearchStore"},{"name":"value","value":"Netaji Subhash Place, Shakurpur, Delhi, India"}],"start":1721735156824,"stop":1721735157086},{"name":"Wait For Element 'txtSearchStore' To Display","status":"passed","stage":"finished","steps":[],"attachments":[],"parameters":[{"name":"locatorName","value":"txtSearchStore"}],"start":1721735160097,"stop":1721735160134},{"name":"Get the selenium driver","status":"passed","stage":"finished","steps":[],"attachments":[],"parameters":[],"start":1721735163208,"stop":1721735163208},{"name":"Get the selenium driver","status":"passed","stage":"finished","steps":[],"attachments":[],"parameters":[],"start":1721735163208,"stop":1721735163208},{"name":"Get the selenium driver","status":"passed","stage":"finished","steps":[],"attachments":[],"parameters":[],"start":1721735166465,"stop":1721735166465}],"attachments":[],"parameters":[{"name":"store","value":"Netaji Subhash Place, Shakurpur, Delhi, India"}],"start":1721735150744,"stop":1721735166497}],"attachments":[{"name":"Page screenshot","source":"70a0bc1a-33cc-4583-a1aa-43c0697c0015-attachment","type":"image/png"},{"name":"failed and screenshot taken!","source":"ef7205b3-46fa-4d77-9f62-330026d1f3f8-attachment","type":"text/plain"}],"parameters":[{"name":"dataID","value":"Starbucks_Web_Automation"},{"name":"browser","value":"chrome."}],"start":1721735150744,"stop":1721735166714,"uuid":"d8cd210f-d09e-4160-8dad-68c63fb531de","historyId":"ec608fc9eb42b2ffe7be810b1b831dfb","fullName":"com.starbucks.web.Test_Scenarios_For_Starbucks_E2E_Functionality.verify_UserSuccessfullyAbleToSelectDesiredStore","labels":[{"name":"package","value":"com.starbucks.web.Test_Scenarios_For_Starbucks_E2E_Functionality"},{"name":"testClass","value":"com.starbucks.web.Test_Scenarios_For_Starbucks_E2E_Functionality"},{"name":"testMethod","value":"verify_UserSuccessfullyAbleToSelectDesiredStore"},{"name":"parentSuite","value":"Web_Test_Execution_Suite"},{"name":"suite","value":"Starbucks_Web_Test"},{"name":"subSuite","value":"com.starbucks.web.Test_Scenarios_For_Starbucks_E2E_Functionality"},{"name":"host","value":"IQAL95-Kundan"},{"name":"thread","value":"40092@IQAL95-Kundan.pool-1-thread-1(26)"},{"name":"framework","value":"testng"},{"name":"language","value":"java"},{"name":"story","value":"verify store page functionality"},{"name":"epic","value":"com/starbucks"},{"name":"feature","value":"Test Web Execution"}],"links":[]}