{"name":"TC017_Verify eye icons are functioning correctly on the Change Password screen","status":"failed","statusDetails":{"known":false,"muted":false,"flaky":false,"message":"Fail","trace":"java.lang.AssertionError: Fail\r\n\tat org.testng.Assert.fail(Assert.java:94)\r\n\tat com.bitdelta.Test_Scenarios_For_Profile_Functionality.verify_EyeIconFunctionalityOnChangePasswordScreen(Test_Scenarios_For_Profile_Functionality.java:289)\r\n\tat java.base/jdk.internal.reflect.NativeMethodAccessorImpl.invoke0(Native Method)\r\n\tat java.base/jdk.internal.reflect.NativeMethodAccessorImpl.invoke(NativeMethodAccessorImpl.java:77)\r\n\tat java.base/jdk.internal.reflect.DelegatingMethodAccessorImpl.invoke(DelegatingMethodAccessorImpl.java:43)\r\n\tat java.base/java.lang.reflect.Method.invoke(Method.java:568)\r\n\tat org.testng.internal.MethodInvocationHelper.invokeMethod(MethodInvocationHelper.java:80)\r\n\tat org.testng.internal.Invoker.invokeMethod(Invoker.java:714)\r\n\tat org.testng.internal.Invoker.invokeTestMethod(Invoker.java:901)\r\n\tat org.testng.internal.Invoker.invokeTestMethods(Invoker.java:1231)\r\n\tat org.testng.internal.TestMethodWorker.invokeTestMethods(TestMethodWorker.java:127)\r\n\tat org.testng.internal.TestMethodWorker.run(TestMethodWorker.java:111)\r\n\tat java.base/java.util.concurrent.ThreadPoolExecutor.runWorker(ThreadPoolExecutor.java:1136)\r\n\tat java.base/java.util.concurrent.ThreadPoolExecutor$Worker.run(ThreadPoolExecutor.java:635)\r\n\tat java.base/java.lang.Thread.run(Thread.java:833)\r\n"},"stage":"finished","description":"Verify eye icons are functioning correctly on the Change Password screen","steps":[{"name":"Is eye icons are functioning correctly on Current password","status":"passed","stage":"finished","steps":[{"name":"Click 'icnEyeCurrentPassword'","status":"broken","statusDetails":{"known":false,"muted":false,"flaky":false,"message":"Expected condition failed: waiting for visibility of element located by By.xpath: //input[@name='oldPassword']/parent::div//span (tried for 3 second(s) with 500 milliseconds interval)","trace":"org.openqa.selenium.TimeoutException: Expected condition failed: waiting for visibility of element located by By.xpath: //input[@name='oldPassword']/parent::div//span (tried for 3 second(s) with 500 milliseconds interval)\r\n\tat org.openqa.selenium.support.ui.WebDriverWait.timeoutException(WebDriverWait.java:95)\r\n\tat org.openqa.selenium.support.ui.FluentWait.until(FluentWait.java:272)\r\n\tat com.bitdelta.utilities.SeleniumUtils.waitForElementToDisplay(SeleniumUtils.java:51)\r\n\tat com.bitdelta.utilities.SeleniumUtils.waitForElementToBeClickable(SeleniumUtils.java:133)\r\n\tat com.bitdelta.utilities.SeleniumUtils.click(SeleniumUtils.java:394)\r\n\tat com.bitdelta.page.web.SecuritySettingsPage.isEyeIconFunctioningCorrectlyOnChangePasswordScreen(SecuritySettingsPage.java:168)\r\n\tat com.bitdelta.Test_Scenarios_For_Profile_Functionality.verify_EyeIconFunctionalityOnChangePasswordScreen(Test_Scenarios_For_Profile_Functionality.java:285)\r\n\tat java.base/jdk.internal.reflect.NativeMethodAccessorImpl.invoke0(Native Method)\r\n\tat java.base/jdk.internal.reflect.NativeMethodAccessorImpl.invoke(NativeMethodAccessorImpl.java:77)\r\n\tat java.base/jdk.internal.reflect.DelegatingMethodAccessorImpl.invoke(DelegatingMethodAccessorImpl.java:43)\r\n\tat java.base/java.lang.reflect.Method.invoke(Method.java:568)\r\n\tat org.testng.internal.MethodInvocationHelper.invokeMethod(MethodInvocationHelper.java:80)\r\n\tat org.testng.internal.Invoker.invokeMethod(Invoker.java:714)\r\n\tat org.testng.internal.Invoker.invokeTestMethod(Invoker.java:901)\r\n\tat org.testng.internal.Invoker.invokeTestMethods(Invoker.java:1231)\r\n\tat org.testng.internal.TestMethodWorker.invokeTestMethods(TestMethodWorker.java:127)\r\n\tat org.testng.internal.TestMethodWorker.run(TestMethodWorker.java:111)\r\n\tat java.base/java.util.concurrent.ThreadPoolExecutor.runWorker(ThreadPoolExecutor.java:1136)\r\n\tat java.base/java.util.concurrent.ThreadPoolExecutor$Worker.run(ThreadPoolExecutor.java:635)\r\n\tat java.base/java.lang.Thread.run(Thread.java:833)\r\nCaused by: org.openqa.selenium.NoSuchElementException: Unable to locate element: //input[@name='oldPassword']/parent::div//span\nFor documentation on this error, please visit: https://www.seleniumhq.org/exceptions/no_such_element.html\nBuild info: version: '3.141.59', revision: 'e82be7d358', time: '2018-11-14T08:17:03'\nSystem info: host: 'IQA-L76-KUNDAN', ip: '192.168.1.35', os.name: 'Windows 11', os.arch: 'amd64', os.version: '10.0', java.version: '17.0.2'\nDriver info: org.openqa.selenium.firefox.FirefoxDriver\nCapabilities {acceptInsecureCerts: true, browserName: firefox, browserVersion: 126.0, javascriptEnabled: true, moz:accessibilityChecks: false, moz:buildID: 20240509170740, moz:geckodriverVersion: 0.34.0, moz:headless: false, moz:platformVersion: 10.0, moz:processID: 1668, moz:profile: C:\\Users\\Kundan\\AppData\\Loc..., moz:shutdownTimeout: 60000, moz:webdriverClick: true, moz:windowless: false, pageLoadStrategy: normal, platform: WINDOWS, platformName: WINDOWS, proxy: Proxy(), setWindowRect: true, strictFileInteractability: false, timeouts: {implicit: 0, pageLoad: 300000, script: 30000}, unhandledPromptBehavior: dismiss and notify, userAgent: Mozilla/5.0 (Windows NT 10....}\nSession ID: 2c194f4d-b14c-4fc9-9c77-a38fe4de51ae\n*** Element info: {Using=xpath, value=//input[@name='oldPassword']/parent::div//span}\r\n\tat jdk.internal.reflect.GeneratedConstructorAccessor36.newInstance(Unknown Source)\r\n\tat java.base/jdk.internal.reflect.DelegatingConstructorAccessorImpl.newInstance(DelegatingConstructorAccessorImpl.java:45)\r\n\tat java.base/java.lang.reflect.Constructor.newInstanceWithCaller(Constructor.java:499)\r\n\tat java.base/java.lang.reflect.Constructor.newInstance(Constructor.java:480)\r\n\tat org.openqa.selenium.remote.http.W3CHttpResponseCodec.createException(W3CHttpResponseCodec.java:187)\r\n\tat org.openqa.selenium.remote.http.W3CHttpResponseCodec.decode(W3CHttpResponseCodec.java:122)\r\n\tat org.openqa.selenium.remote.http.W3CHttpResponseCodec.decode(W3CHttpResponseCodec.java:49)\r\n\tat org.openqa.selenium.remote.HttpCommandExecutor.execute(HttpCommandExecutor.java:158)\r\n\tat org.openqa.selenium.remote.service.DriverCommandExecutor.execute(DriverCommandExecutor.java:83)\r\n\tat org.openqa.selenium.remote.RemoteWebDriver.execute(RemoteWebDriver.java:552)\r\n\tat org.openqa.selenium.remote.RemoteWebDriver.findElement(RemoteWebDriver.java:323)\r\n\tat org.openqa.selenium.remote.RemoteWebDriver.findElementByXPath(RemoteWebDriver.java:428)\r\n\tat org.openqa.selenium.By$ByXPath.findElement(By.java:353)\r\n\tat org.openqa.selenium.remote.RemoteWebDriver.findElement(RemoteWebDriver.java:315)\r\n\tat org.openqa.selenium.support.ui.ExpectedConditions$7.apply(ExpectedConditions.java:205)\r\n\tat org.openqa.selenium.support.ui.ExpectedConditions$7.apply(ExpectedConditions.java:201)\r\n\tat org.openqa.selenium.support.ui.FluentWait.until(FluentWait.java:249)\r\n\t... 18 more\r\n"},"stage":"finished","steps":[{"name":"Wait For Element 'icnEyeCurrentPassword' To Be Clickable","status":"broken","statusDetails":{"known":false,"muted":false,"flaky":false,"message":"Expected condition failed: waiting for visibility of element located by By.xpath: //input[@name='oldPassword']/parent::div//span (tried for 3 second(s) with 500 milliseconds interval)","trace":"org.openqa.selenium.TimeoutException: Expected condition failed: waiting for visibility of element located by By.xpath: //input[@name='oldPassword']/parent::div//span (tried for 3 second(s) with 500 milliseconds interval)\r\n\tat org.openqa.selenium.support.ui.WebDriverWait.timeoutException(WebDriverWait.java:95)\r\n\tat org.openqa.selenium.support.ui.FluentWait.until(FluentWait.java:272)\r\n\tat com.bitdelta.utilities.SeleniumUtils.waitForElementToDisplay(SeleniumUtils.java:51)\r\n\tat com.bitdelta.utilities.SeleniumUtils.waitForElementToBeClickable(SeleniumUtils.java:133)\r\n\tat com.bitdelta.utilities.SeleniumUtils.click(SeleniumUtils.java:394)\r\n\tat com.bitdelta.page.web.SecuritySettingsPage.isEyeIconFunctioningCorrectlyOnChangePasswordScreen(SecuritySettingsPage.java:168)\r\n\tat com.bitdelta.Test_Scenarios_For_Profile_Functionality.verify_EyeIconFunctionalityOnChangePasswordScreen(Test_Scenarios_For_Profile_Functionality.java:285)\r\n\tat java.base/jdk.internal.reflect.NativeMethodAccessorImpl.invoke0(Native Method)\r\n\tat java.base/jdk.internal.reflect.NativeMethodAccessorImpl.invoke(NativeMethodAccessorImpl.java:77)\r\n\tat java.base/jdk.internal.reflect.DelegatingMethodAccessorImpl.invoke(DelegatingMethodAccessorImpl.java:43)\r\n\tat java.base/java.lang.reflect.Method.invoke(Method.java:568)\r\n\tat org.testng.internal.MethodInvocationHelper.invokeMethod(MethodInvocationHelper.java:80)\r\n\tat org.testng.internal.Invoker.invokeMethod(Invoker.java:714)\r\n\tat org.testng.internal.Invoker.invokeTestMethod(Invoker.java:901)\r\n\tat org.testng.internal.Invoker.invokeTestMethods(Invoker.java:1231)\r\n\tat org.testng.internal.TestMethodWorker.invokeTestMethods(TestMethodWorker.java:127)\r\n\tat org.testng.internal.TestMethodWorker.run(TestMethodWorker.java:111)\r\n\tat java.base/java.util.concurrent.ThreadPoolExecutor.runWorker(ThreadPoolExecutor.java:1136)\r\n\tat java.base/java.util.concurrent.ThreadPoolExecutor$Worker.run(ThreadPoolExecutor.java:635)\r\n\tat java.base/java.lang.Thread.run(Thread.java:833)\r\nCaused by: org.openqa.selenium.NoSuchElementException: Unable to locate element: //input[@name='oldPassword']/parent::div//span\nFor documentation on this error, please visit: https://www.seleniumhq.org/exceptions/no_such_element.html\nBuild info: version: '3.141.59', revision: 'e82be7d358', time: '2018-11-14T08:17:03'\nSystem info: host: 'IQA-L76-KUNDAN', ip: '192.168.1.35', os.name: 'Windows 11', os.arch: 'amd64', os.version: '10.0', java.version: '17.0.2'\nDriver info: org.openqa.selenium.firefox.FirefoxDriver\nCapabilities {acceptInsecureCerts: true, browserName: firefox, browserVersion: 126.0, javascriptEnabled: true, moz:accessibilityChecks: false, moz:buildID: 20240509170740, moz:geckodriverVersion: 0.34.0, moz:headless: false, moz:platformVersion: 10.0, moz:processID: 1668, moz:profile: C:\\Users\\Kundan\\AppData\\Loc..., moz:shutdownTimeout: 60000, moz:webdriverClick: true, moz:windowless: false, pageLoadStrategy: normal, platform: WINDOWS, platformName: WINDOWS, proxy: Proxy(), setWindowRect: true, strictFileInteractability: false, timeouts: {implicit: 0, pageLoad: 300000, script: 30000}, unhandledPromptBehavior: dismiss and notify, userAgent: Mozilla/5.0 (Windows NT 10....}\nSession ID: 2c194f4d-b14c-4fc9-9c77-a38fe4de51ae\n*** Element info: {Using=xpath, value=//input[@name='oldPassword']/parent::div//span}\r\n\tat jdk.internal.reflect.GeneratedConstructorAccessor36.newInstance(Unknown Source)\r\n\tat java.base/jdk.internal.reflect.DelegatingConstructorAccessorImpl.newInstance(DelegatingConstructorAccessorImpl.java:45)\r\n\tat java.base/java.lang.reflect.Constructor.newInstanceWithCaller(Constructor.java:499)\r\n\tat java.base/java.lang.reflect.Constructor.newInstance(Constructor.java:480)\r\n\tat org.openqa.selenium.remote.http.W3CHttpResponseCodec.createException(W3CHttpResponseCodec.java:187)\r\n\tat org.openqa.selenium.remote.http.W3CHttpResponseCodec.decode(W3CHttpResponseCodec.java:122)\r\n\tat org.openqa.selenium.remote.http.W3CHttpResponseCodec.decode(W3CHttpResponseCodec.java:49)\r\n\tat org.openqa.selenium.remote.HttpCommandExecutor.execute(HttpCommandExecutor.java:158)\r\n\tat org.openqa.selenium.remote.service.DriverCommandExecutor.execute(DriverCommandExecutor.java:83)\r\n\tat org.openqa.selenium.remote.RemoteWebDriver.execute(RemoteWebDriver.java:552)\r\n\tat org.openqa.selenium.remote.RemoteWebDriver.findElement(RemoteWebDriver.java:323)\r\n\tat org.openqa.selenium.remote.RemoteWebDriver.findElementByXPath(RemoteWebDriver.java:428)\r\n\tat org.openqa.selenium.By$ByXPath.findElement(By.java:353)\r\n\tat org.openqa.selenium.remote.RemoteWebDriver.findElement(RemoteWebDriver.java:315)\r\n\tat org.openqa.selenium.support.ui.ExpectedConditions$7.apply(ExpectedConditions.java:205)\r\n\tat org.openqa.selenium.support.ui.ExpectedConditions$7.apply(ExpectedConditions.java:201)\r\n\tat org.openqa.selenium.support.ui.FluentWait.until(FluentWait.java:249)\r\n\t... 18 more\r\n"},"stage":"finished","steps":[{"name":"Wait For Element 'icnEyeCurrentPassword' To Display","status":"broken","statusDetails":{"known":false,"muted":false,"flaky":false,"message":"Expected condition failed: waiting for visibility of element located by By.xpath: //input[@name='oldPassword']/parent::div//span (tried for 3 second(s) with 500 milliseconds interval)","trace":"org.openqa.selenium.TimeoutException: Expected condition failed: waiting for visibility of element located by By.xpath: //input[@name='oldPassword']/parent::div//span (tried for 3 second(s) with 500 milliseconds interval)\r\n\tat org.openqa.selenium.support.ui.WebDriverWait.timeoutException(WebDriverWait.java:95)\r\n\tat org.openqa.selenium.support.ui.FluentWait.until(FluentWait.java:272)\r\n\tat com.bitdelta.utilities.SeleniumUtils.waitForElementToDisplay(SeleniumUtils.java:51)\r\n\tat com.bitdelta.utilities.SeleniumUtils.waitForElementToBeClickable(SeleniumUtils.java:133)\r\n\tat com.bitdelta.utilities.SeleniumUtils.click(SeleniumUtils.java:394)\r\n\tat com.bitdelta.page.web.SecuritySettingsPage.isEyeIconFunctioningCorrectlyOnChangePasswordScreen(SecuritySettingsPage.java:168)\r\n\tat com.bitdelta.Test_Scenarios_For_Profile_Functionality.verify_EyeIconFunctionalityOnChangePasswordScreen(Test_Scenarios_For_Profile_Functionality.java:285)\r\n\tat java.base/jdk.internal.reflect.NativeMethodAccessorImpl.invoke0(Native Method)\r\n\tat java.base/jdk.internal.reflect.NativeMethodAccessorImpl.invoke(NativeMethodAccessorImpl.java:77)\r\n\tat java.base/jdk.internal.reflect.DelegatingMethodAccessorImpl.invoke(DelegatingMethodAccessorImpl.java:43)\r\n\tat java.base/java.lang.reflect.Method.invoke(Method.java:568)\r\n\tat org.testng.internal.MethodInvocationHelper.invokeMethod(MethodInvocationHelper.java:80)\r\n\tat org.testng.internal.Invoker.invokeMethod(Invoker.java:714)\r\n\tat org.testng.internal.Invoker.invokeTestMethod(Invoker.java:901)\r\n\tat org.testng.internal.Invoker.invokeTestMethods(Invoker.java:1231)\r\n\tat org.testng.internal.TestMethodWorker.invokeTestMethods(TestMethodWorker.java:127)\r\n\tat org.testng.internal.TestMethodWorker.run(TestMethodWorker.java:111)\r\n\tat java.base/java.util.concurrent.ThreadPoolExecutor.runWorker(ThreadPoolExecutor.java:1136)\r\n\tat java.base/java.util.concurrent.ThreadPoolExecutor$Worker.run(ThreadPoolExecutor.java:635)\r\n\tat java.base/java.lang.Thread.run(Thread.java:833)\r\nCaused by: org.openqa.selenium.NoSuchElementException: Unable to locate element: //input[@name='oldPassword']/parent::div//span\nFor documentation on this error, please visit: https://www.seleniumhq.org/exceptions/no_such_element.html\nBuild info: version: '3.141.59', revision: 'e82be7d358', time: '2018-11-14T08:17:03'\nSystem info: host: 'IQA-L76-KUNDAN', ip: '192.168.1.35', os.name: 'Windows 11', os.arch: 'amd64', os.version: '10.0', java.version: '17.0.2'\nDriver info: org.openqa.selenium.firefox.FirefoxDriver\nCapabilities {acceptInsecureCerts: true, browserName: firefox, browserVersion: 126.0, javascriptEnabled: true, moz:accessibilityChecks: false, moz:buildID: 20240509170740, moz:geckodriverVersion: 0.34.0, moz:headless: false, moz:platformVersion: 10.0, moz:processID: 1668, moz:profile: C:\\Users\\Kundan\\AppData\\Loc..., moz:shutdownTimeout: 60000, moz:webdriverClick: true, moz:windowless: false, pageLoadStrategy: normal, platform: WINDOWS, platformName: WINDOWS, proxy: Proxy(), setWindowRect: true, strictFileInteractability: false, timeouts: {implicit: 0, pageLoad: 300000, script: 30000}, unhandledPromptBehavior: dismiss and notify, userAgent: Mozilla/5.0 (Windows NT 10....}\nSession ID: 2c194f4d-b14c-4fc9-9c77-a38fe4de51ae\n*** Element info: {Using=xpath, value=//input[@name='oldPassword']/parent::div//span}\r\n\tat jdk.internal.reflect.GeneratedConstructorAccessor36.newInstance(Unknown Source)\r\n\tat java.base/jdk.internal.reflect.DelegatingConstructorAccessorImpl.newInstance(DelegatingConstructorAccessorImpl.java:45)\r\n\tat java.base/java.lang.reflect.Constructor.newInstanceWithCaller(Constructor.java:499)\r\n\tat java.base/java.lang.reflect.Constructor.newInstance(Constructor.java:480)\r\n\tat org.openqa.selenium.remote.http.W3CHttpResponseCodec.createException(W3CHttpResponseCodec.java:187)\r\n\tat org.openqa.selenium.remote.http.W3CHttpResponseCodec.decode(W3CHttpResponseCodec.java:122)\r\n\tat org.openqa.selenium.remote.http.W3CHttpResponseCodec.decode(W3CHttpResponseCodec.java:49)\r\n\tat org.openqa.selenium.remote.HttpCommandExecutor.execute(HttpCommandExecutor.java:158)\r\n\tat org.openqa.selenium.remote.service.DriverCommandExecutor.execute(DriverCommandExecutor.java:83)\r\n\tat org.openqa.selenium.remote.RemoteWebDriver.execute(RemoteWebDriver.java:552)\r\n\tat org.openqa.selenium.remote.RemoteWebDriver.findElement(RemoteWebDriver.java:323)\r\n\tat org.openqa.selenium.remote.RemoteWebDriver.findElementByXPath(RemoteWebDriver.java:428)\r\n\tat org.openqa.selenium.By$ByXPath.findElement(By.java:353)\r\n\tat org.openqa.selenium.remote.RemoteWebDriver.findElement(RemoteWebDriver.java:315)\r\n\tat org.openqa.selenium.support.ui.ExpectedConditions$7.apply(ExpectedConditions.java:205)\r\n\tat org.openqa.selenium.support.ui.ExpectedConditions$7.apply(ExpectedConditions.java:201)\r\n\tat org.openqa.selenium.support.ui.FluentWait.until(FluentWait.java:249)\r\n\t... 18 more\r\n"},"stage":"finished","steps":[],"attachments":[],"parameters":[{"name":"locatorName","value":"icnEyeCurrentPassword"}],"start":1715764624663,"stop":1715764627772}],"attachments":[],"parameters":[{"name":"locatorName","value":"icnEyeCurrentPassword"}],"start":1715764624660,"stop":1715764627772}],"attachments":[],"parameters":[{"name":"locatorName","value":"icnEyeCurrentPassword"}],"start":1715764624660,"stop":1715764627772}],"attachments":[],"parameters":[],"start":1715764624660,"stop":1715764627772},{"name":"Verify eye icons are not functioning correctly on the Change Password screen for Current Password","status":"failed","stage":"finished","steps":[],"attachments":[],"parameters":[],"start":1715764627772,"stop":1715764627772}],"attachments":[{"name":"Page screenshot","source":"7446a17a-7441-4844-a35d-01747cc6efb5-attachment","type":"image/png"},{"name":"failed and screenshot taken!","source":"def1bd65-8adc-4590-a483-5904c92e792d-attachment","type":"text/plain"}],"parameters":[{"name":"dataID","value":"WelcomeBack"},{"name":"browser","value":"firefox"}],"start":1715764624658,"stop":1715764627820,"uuid":"b25972c5-688c-496d-9e62-d902a9bec901","historyId":"39a73e49094cbf2b23fae5cf9ae3a8f6","fullName":"com.bitdelta.Test_Scenarios_For_Profile_Functionality.verify_EyeIconFunctionalityOnChangePasswordScreen","labels":[{"name":"package","value":"com.bitdelta.Test_Scenarios_For_Profile_Functionality"},{"name":"testClass","value":"com.bitdelta.Test_Scenarios_For_Profile_Functionality"},{"name":"testMethod","value":"verify_EyeIconFunctionalityOnChangePasswordScreen"},{"name":"parentSuite","value":"Web_Test_Execution_Suite"},{"name":"suite","value":"BitDelta_Test"},{"name":"subSuite","value":"com.bitdelta.Test_Scenarios_For_Profile_Functionality"},{"name":"host","value":"IQA-L76-Kundan"},{"name":"thread","value":"6644@IQA-L76-Kundan.pool-1-thread-1(26)"},{"name":"framework","value":"testng"},{"name":"language","value":"java"},{"name":"story","value":"Change Password Screen"},{"name":"feature","value":"Service Provided"},{"name":"epic","value":"com/bitdelta"}],"links":[]}