{"name":"TC006_Verify Enter store icon functionality of pin store for Tenant page","status":"broken","statusDetails":{"known":false,"muted":false,"flaky":false,"message":"element click intercepted: Element <img alt=\"store\" loading=\"lazy\" width=\"52\" height=\"52\" decoding=\"async\" data-nimg=\"1\" src=\"/_next/static/media/store-marker.b3d7f6cf.svg\" style=\"color: transparent;\"> is not clickable at point (191, 294). Other element would receive the click: <aside style=\"position: absolute; width: 95%; top: 0px; left: 0px; z-index: 9;\">...</aside>\n  (Session info: chrome=125.0.6422.142)\nBuild info: version: '3.141.59', revision: 'e82be7d358', time: '2018-11-14T08:17:03'\nSystem info: host: 'IQA-L76-KUNDAN', ip: '192.168.5.35', os.name: 'Windows 11', os.arch: 'amd64', os.version: '10.0', java.version: '17.0.2'\nDriver info: org.openqa.selenium.chrome.ChromeDriver\nCapabilities {acceptInsecureCerts: false, browserName: chrome, browserVersion: 125.0.6422.142, chrome: {chromedriverVersion: 125.0.6422.141 (4b1e8393712..., userDataDir: C:\\Users\\Kundan\\AppData\\Loc...}, fedcm:accounts: true, goog:chromeOptions: {debuggerAddress: localhost:57862}, javascriptEnabled: true, networkConnectionEnabled: false, pageLoadStrategy: normal, platform: WINDOWS, platformName: WINDOWS, proxy: Proxy(), setWindowRect: true, strictFileInteractability: false, timeouts: {implicit: 0, pageLoad: 300000, script: 30000}, unhandledPromptBehavior: dismiss and notify, webauthn:extension:credBlob: true, webauthn:extension:largeBlob: true, webauthn:extension:minPinLength: true, webauthn:extension:prf: true, webauthn:virtualAuthenticators: true}\nSession ID: 7826bddf80cfb5944cbaabcb3c00c245","trace":"org.openqa.selenium.ElementClickInterceptedException: element click intercepted: Element <img alt=\"store\" loading=\"lazy\" width=\"52\" height=\"52\" decoding=\"async\" data-nimg=\"1\" src=\"/_next/static/media/store-marker.b3d7f6cf.svg\" style=\"color: transparent;\"> is not clickable at point (191, 294). Other element would receive the click: <aside style=\"position: absolute; width: 95%; top: 0px; left: 0px; z-index: 9;\">...</aside>\n  (Session info: chrome=125.0.6422.142)\nBuild info: version: '3.141.59', revision: 'e82be7d358', time: '2018-11-14T08:17:03'\nSystem info: host: 'IQA-L76-KUNDAN', ip: '192.168.5.35', os.name: 'Windows 11', os.arch: 'amd64', os.version: '10.0', java.version: '17.0.2'\nDriver info: org.openqa.selenium.chrome.ChromeDriver\nCapabilities {acceptInsecureCerts: false, browserName: chrome, browserVersion: 125.0.6422.142, chrome: {chromedriverVersion: 125.0.6422.141 (4b1e8393712..., userDataDir: C:\\Users\\Kundan\\AppData\\Loc...}, fedcm:accounts: true, goog:chromeOptions: {debuggerAddress: localhost:57862}, javascriptEnabled: true, networkConnectionEnabled: false, pageLoadStrategy: normal, platform: WINDOWS, platformName: WINDOWS, proxy: Proxy(), setWindowRect: true, strictFileInteractability: false, timeouts: {implicit: 0, pageLoad: 300000, script: 30000}, unhandledPromptBehavior: dismiss and notify, webauthn:extension:credBlob: true, webauthn:extension:largeBlob: true, webauthn:extension:minPinLength: true, webauthn:extension:prf: true, webauthn:virtualAuthenticators: true}\nSession ID: 7826bddf80cfb5944cbaabcb3c00c245\r\n\tat java.base/jdk.internal.reflect.NativeConstructorAccessorImpl.newInstance0(Native Method)\r\n\tat java.base/jdk.internal.reflect.NativeConstructorAccessorImpl.newInstance(NativeConstructorAccessorImpl.java:77)\r\n\tat java.base/jdk.internal.reflect.DelegatingConstructorAccessorImpl.newInstance(DelegatingConstructorAccessorImpl.java:45)\r\n\tat java.base/java.lang.reflect.Constructor.newInstanceWithCaller(Constructor.java:499)\r\n\tat java.base/java.lang.reflect.Constructor.newInstance(Constructor.java:480)\r\n\tat org.openqa.selenium.remote.http.W3CHttpResponseCodec.createException(W3CHttpResponseCodec.java:187)\r\n\tat org.openqa.selenium.remote.http.W3CHttpResponseCodec.decode(W3CHttpResponseCodec.java:122)\r\n\tat org.openqa.selenium.remote.http.W3CHttpResponseCodec.decode(W3CHttpResponseCodec.java:49)\r\n\tat org.openqa.selenium.remote.HttpCommandExecutor.execute(HttpCommandExecutor.java:158)\r\n\tat org.openqa.selenium.remote.service.DriverCommandExecutor.execute(DriverCommandExecutor.java:83)\r\n\tat org.openqa.selenium.remote.RemoteWebDriver.execute(RemoteWebDriver.java:552)\r\n\tat org.openqa.selenium.remote.RemoteWebElement.execute(RemoteWebElement.java:285)\r\n\tat org.openqa.selenium.remote.RemoteWebElement.click(RemoteWebElement.java:84)\r\n\tat com.pricer.utilities.SeleniumUtils.click(SeleniumUtils.java:395)\r\n\tat com.pricer.page.web.TenantPage.clickOnPinStoreIcon(TenantPage.java:54)\r\n\tat com.pricer.mobile.Test_Scenarios_For_Pricer_Emulation_E2E_Functionality.verify_StoreNavigationFunctionality(Test_Scenarios_For_Pricer_Emulation_E2E_Functionality.java:59)\r\n\tat java.base/jdk.internal.reflect.NativeMethodAccessorImpl.invoke0(Native Method)\r\n\tat java.base/jdk.internal.reflect.NativeMethodAccessorImpl.invoke(NativeMethodAccessorImpl.java:77)\r\n\tat java.base/jdk.internal.reflect.DelegatingMethodAccessorImpl.invoke(DelegatingMethodAccessorImpl.java:43)\r\n\tat java.base/java.lang.reflect.Method.invoke(Method.java:568)\r\n\tat org.testng.internal.MethodInvocationHelper.invokeMethod(MethodInvocationHelper.java:80)\r\n\tat org.testng.internal.Invoker.invokeMethod(Invoker.java:714)\r\n\tat org.testng.internal.Invoker.invokeTestMethod(Invoker.java:901)\r\n\tat org.testng.internal.Invoker.invokeTestMethods(Invoker.java:1231)\r\n\tat org.testng.internal.TestMethodWorker.invokeTestMethods(TestMethodWorker.java:127)\r\n\tat org.testng.internal.TestMethodWorker.run(TestMethodWorker.java:111)\r\n\tat java.base/java.util.concurrent.ThreadPoolExecutor.runWorker(ThreadPoolExecutor.java:1136)\r\n\tat java.base/java.util.concurrent.ThreadPoolExecutor$Worker.run(ThreadPoolExecutor.java:635)\r\n\tat java.base/java.lang.Thread.run(Thread.java:833)\r\n"},"stage":"finished","description":"Verify Enter store icon functionality of pin store for Tenant page","steps":[{"name":"Enter email address Abdus.samad@impactqa.com","status":"passed","stage":"finished","steps":[{"name":"is Element 'txtEmail' Displayed","status":"passed","stage":"finished","steps":[],"attachments":[],"parameters":[{"name":"locatorName","value":"txtEmail"},{"name":"waitTime","value":"90"}],"start":1717579409772,"stop":1717579410717},{"name":"Enter 'txtEmail' with the value 'Abdus.samad@impactqa.com'","status":"passed","stage":"finished","steps":[{"name":"Wait For Element 'txtEmail' To Display","status":"passed","stage":"finished","steps":[],"attachments":[],"parameters":[{"name":"locatorName","value":"txtEmail"}],"start":1717579413718,"stop":1717579413739}],"attachments":[],"parameters":[{"name":"locatorName","value":"txtEmail"},{"name":"value","value":"Abdus.samad@impactqa.com"}],"start":1717579413718,"stop":1717579413942}],"attachments":[],"parameters":[{"name":"email","value":"Abdus.samad@impactqa.com"}],"start":1717579409769,"stop":1717579413942},{"name":"Click on Next Button","status":"passed","stage":"finished","steps":[{"name":"Click 'btnNext'","status":"passed","stage":"finished","steps":[{"name":"Wait For Element 'btnNext' To Be Clickable","status":"passed","stage":"finished","steps":[{"name":"Wait For Element 'btnNext' To Display","status":"passed","stage":"finished","steps":[],"attachments":[],"parameters":[{"name":"locatorName","value":"btnNext"}],"start":1717579413945,"stop":1717579413979}],"attachments":[],"parameters":[{"name":"locatorName","value":"btnNext"}],"start":1717579413943,"stop":1717579413997}],"attachments":[],"parameters":[{"name":"locatorName","value":"btnNext"}],"start":1717579413943,"stop":1717579418109}],"attachments":[],"parameters":[],"start":1717579413943,"stop":1717579418109},{"name":"Enter password Impact@123","status":"passed","stage":"finished","steps":[{"name":"is Element 'txtPassword' Displayed","status":"passed","stage":"finished","steps":[],"attachments":[],"parameters":[{"name":"locatorName","value":"txtPassword"},{"name":"waitTime","value":"90"}],"start":1717579418110,"stop":1717579418169},{"name":"Enter 'txtPassword' with the value 'Impact@123'","status":"passed","stage":"finished","steps":[{"name":"Wait For Element 'txtPassword' To Display","status":"passed","stage":"finished","steps":[],"attachments":[],"parameters":[{"name":"locatorName","value":"txtPassword"}],"start":1717579418169,"stop":1717579418216}],"attachments":[],"parameters":[{"name":"locatorName","value":"txtPassword"},{"name":"value","value":"Impact@123"}],"start":1717579418169,"stop":1717579418345}],"attachments":[],"parameters":[{"name":"password","value":"Impact@123"}],"start":1717579418110,"stop":1717579418345},{"name":"Click on Enter Your Plaza Button","status":"passed","stage":"finished","steps":[{"name":"Wait For Element 'btnEnterYourPlaza' To Be Clickable","status":"passed","stage":"finished","steps":[{"name":"Wait For Element 'btnEnterYourPlaza' To Display","status":"passed","stage":"finished","steps":[],"attachments":[],"parameters":[{"name":"locatorName","value":"btnEnterYourPlaza"}],"start":1717579418349,"stop":1717579418387}],"attachments":[],"parameters":[{"name":"locatorName","value":"btnEnterYourPlaza"}],"start":1717579418346,"stop":1717579418406},{"name":"Click 'btnEnterYourPlaza'","status":"passed","stage":"finished","steps":[{"name":"Wait For Element 'btnEnterYourPlaza' To Be Clickable","status":"passed","stage":"finished","steps":[{"name":"Wait For Element 'btnEnterYourPlaza' To Display","status":"passed","stage":"finished","steps":[],"attachments":[],"parameters":[{"name":"locatorName","value":"btnEnterYourPlaza"}],"start":1717579418406,"stop":1717579418447}],"attachments":[],"parameters":[{"name":"locatorName","value":"btnEnterYourPlaza"}],"start":1717579418406,"stop":1717579418483}],"attachments":[],"parameters":[{"name":"locatorName","value":"btnEnterYourPlaza"}],"start":1717579418406,"stop":1717579422247}],"attachments":[],"parameters":[],"start":1717579418346,"stop":1717579425254},{"name":"Click on Pin Store Icon","status":"broken","statusDetails":{"known":false,"muted":false,"flaky":false,"message":"element click intercepted: Element <img alt=\"store\" loading=\"lazy\" width=\"52\" height=\"52\" decoding=\"async\" data-nimg=\"1\" src=\"/_next/static/media/store-marker.b3d7f6cf.svg\" style=\"color: transparent;\"> is not clickable at point (191, 294). Other element would receive the click: <aside style=\"position: absolute; width: 95%; top: 0px; left: 0px; z-index: 9;\">...</aside>\n  (Session info: chrome=125.0.6422.142)\nBuild info: version: '3.141.59', revision: 'e82be7d358', time: '2018-11-14T08:17:03'\nSystem info: host: 'IQA-L76-KUNDAN', ip: '192.168.5.35', os.name: 'Windows 11', os.arch: 'amd64', os.version: '10.0', java.version: '17.0.2'\nDriver info: org.openqa.selenium.chrome.ChromeDriver\nCapabilities {acceptInsecureCerts: false, browserName: chrome, browserVersion: 125.0.6422.142, chrome: {chromedriverVersion: 125.0.6422.141 (4b1e8393712..., userDataDir: C:\\Users\\Kundan\\AppData\\Loc...}, fedcm:accounts: true, goog:chromeOptions: {debuggerAddress: localhost:57862}, javascriptEnabled: true, networkConnectionEnabled: false, pageLoadStrategy: normal, platform: WINDOWS, platformName: WINDOWS, proxy: Proxy(), setWindowRect: true, strictFileInteractability: false, timeouts: {implicit: 0, pageLoad: 300000, script: 30000}, unhandledPromptBehavior: dismiss and notify, webauthn:extension:credBlob: true, webauthn:extension:largeBlob: true, webauthn:extension:minPinLength: true, webauthn:extension:prf: true, webauthn:virtualAuthenticators: true}\nSession ID: 7826bddf80cfb5944cbaabcb3c00c245","trace":"org.openqa.selenium.ElementClickInterceptedException: element click intercepted: Element <img alt=\"store\" loading=\"lazy\" width=\"52\" height=\"52\" decoding=\"async\" data-nimg=\"1\" src=\"/_next/static/media/store-marker.b3d7f6cf.svg\" style=\"color: transparent;\"> is not clickable at point (191, 294). Other element would receive the click: <aside style=\"position: absolute; width: 95%; top: 0px; left: 0px; z-index: 9;\">...</aside>\n  (Session info: chrome=125.0.6422.142)\nBuild info: version: '3.141.59', revision: 'e82be7d358', time: '2018-11-14T08:17:03'\nSystem info: host: 'IQA-L76-KUNDAN', ip: '192.168.5.35', os.name: 'Windows 11', os.arch: 'amd64', os.version: '10.0', java.version: '17.0.2'\nDriver info: org.openqa.selenium.chrome.ChromeDriver\nCapabilities {acceptInsecureCerts: false, browserName: chrome, browserVersion: 125.0.6422.142, chrome: {chromedriverVersion: 125.0.6422.141 (4b1e8393712..., userDataDir: C:\\Users\\Kundan\\AppData\\Loc...}, fedcm:accounts: true, goog:chromeOptions: {debuggerAddress: localhost:57862}, javascriptEnabled: true, networkConnectionEnabled: false, pageLoadStrategy: normal, platform: WINDOWS, platformName: WINDOWS, proxy: Proxy(), setWindowRect: true, strictFileInteractability: false, timeouts: {implicit: 0, pageLoad: 300000, script: 30000}, unhandledPromptBehavior: dismiss and notify, webauthn:extension:credBlob: true, webauthn:extension:largeBlob: true, webauthn:extension:minPinLength: true, webauthn:extension:prf: true, webauthn:virtualAuthenticators: true}\nSession ID: 7826bddf80cfb5944cbaabcb3c00c245\r\n\tat java.base/jdk.internal.reflect.NativeConstructorAccessorImpl.newInstance0(Native Method)\r\n\tat java.base/jdk.internal.reflect.NativeConstructorAccessorImpl.newInstance(NativeConstructorAccessorImpl.java:77)\r\n\tat java.base/jdk.internal.reflect.DelegatingConstructorAccessorImpl.newInstance(DelegatingConstructorAccessorImpl.java:45)\r\n\tat java.base/java.lang.reflect.Constructor.newInstanceWithCaller(Constructor.java:499)\r\n\tat java.base/java.lang.reflect.Constructor.newInstance(Constructor.java:480)\r\n\tat org.openqa.selenium.remote.http.W3CHttpResponseCodec.createException(W3CHttpResponseCodec.java:187)\r\n\tat org.openqa.selenium.remote.http.W3CHttpResponseCodec.decode(W3CHttpResponseCodec.java:122)\r\n\tat org.openqa.selenium.remote.http.W3CHttpResponseCodec.decode(W3CHttpResponseCodec.java:49)\r\n\tat org.openqa.selenium.remote.HttpCommandExecutor.execute(HttpCommandExecutor.java:158)\r\n\tat org.openqa.selenium.remote.service.DriverCommandExecutor.execute(DriverCommandExecutor.java:83)\r\n\tat org.openqa.selenium.remote.RemoteWebDriver.execute(RemoteWebDriver.java:552)\r\n\tat org.openqa.selenium.remote.RemoteWebElement.execute(RemoteWebElement.java:285)\r\n\tat org.openqa.selenium.remote.RemoteWebElement.click(RemoteWebElement.java:84)\r\n\tat com.pricer.utilities.SeleniumUtils.click(SeleniumUtils.java:395)\r\n\tat com.pricer.page.web.TenantPage.clickOnPinStoreIcon(TenantPage.java:54)\r\n\tat com.pricer.mobile.Test_Scenarios_For_Pricer_Emulation_E2E_Functionality.verify_StoreNavigationFunctionality(Test_Scenarios_For_Pricer_Emulation_E2E_Functionality.java:59)\r\n\tat java.base/jdk.internal.reflect.NativeMethodAccessorImpl.invoke0(Native Method)\r\n\tat java.base/jdk.internal.reflect.NativeMethodAccessorImpl.invoke(NativeMethodAccessorImpl.java:77)\r\n\tat java.base/jdk.internal.reflect.DelegatingMethodAccessorImpl.invoke(DelegatingMethodAccessorImpl.java:43)\r\n\tat java.base/java.lang.reflect.Method.invoke(Method.java:568)\r\n\tat org.testng.internal.MethodInvocationHelper.invokeMethod(MethodInvocationHelper.java:80)\r\n\tat org.testng.internal.Invoker.invokeMethod(Invoker.java:714)\r\n\tat org.testng.internal.Invoker.invokeTestMethod(Invoker.java:901)\r\n\tat org.testng.internal.Invoker.invokeTestMethods(Invoker.java:1231)\r\n\tat org.testng.internal.TestMethodWorker.invokeTestMethods(TestMethodWorker.java:127)\r\n\tat org.testng.internal.TestMethodWorker.run(TestMethodWorker.java:111)\r\n\tat java.base/java.util.concurrent.ThreadPoolExecutor.runWorker(ThreadPoolExecutor.java:1136)\r\n\tat java.base/java.util.concurrent.ThreadPoolExecutor$Worker.run(ThreadPoolExecutor.java:635)\r\n\tat java.base/java.lang.Thread.run(Thread.java:833)\r\n"},"stage":"finished","steps":[{"name":"Wait For Element 'icnPinStore' To Be Clickable","status":"passed","stage":"finished","steps":[{"name":"Wait For Element 'icnPinStore' To Display","status":"passed","stage":"finished","steps":[],"attachments":[],"parameters":[{"name":"locatorName","value":"icnPinStore"}],"start":1717579431274,"stop":1717579432371}],"attachments":[],"parameters":[{"name":"locatorName","value":"icnPinStore"}],"start":1717579431274,"stop":1717579432407},{"name":"Click 'icnPinStore'","status":"broken","statusDetails":{"known":false,"muted":false,"flaky":false,"message":"element click intercepted: Element <img alt=\"store\" loading=\"lazy\" width=\"52\" height=\"52\" decoding=\"async\" data-nimg=\"1\" src=\"/_next/static/media/store-marker.b3d7f6cf.svg\" style=\"color: transparent;\"> is not clickable at point (191, 294). Other element would receive the click: <aside style=\"position: absolute; width: 95%; top: 0px; left: 0px; z-index: 9;\">...</aside>\n  (Session info: chrome=125.0.6422.142)\nBuild info: version: '3.141.59', revision: 'e82be7d358', time: '2018-11-14T08:17:03'\nSystem info: host: 'IQA-L76-KUNDAN', ip: '192.168.5.35', os.name: 'Windows 11', os.arch: 'amd64', os.version: '10.0', java.version: '17.0.2'\nDriver info: org.openqa.selenium.chrome.ChromeDriver\nCapabilities {acceptInsecureCerts: false, browserName: chrome, browserVersion: 125.0.6422.142, chrome: {chromedriverVersion: 125.0.6422.141 (4b1e8393712..., userDataDir: C:\\Users\\Kundan\\AppData\\Loc...}, fedcm:accounts: true, goog:chromeOptions: {debuggerAddress: localhost:57862}, javascriptEnabled: true, networkConnectionEnabled: false, pageLoadStrategy: normal, platform: WINDOWS, platformName: WINDOWS, proxy: Proxy(), setWindowRect: true, strictFileInteractability: false, timeouts: {implicit: 0, pageLoad: 300000, script: 30000}, unhandledPromptBehavior: dismiss and notify, webauthn:extension:credBlob: true, webauthn:extension:largeBlob: true, webauthn:extension:minPinLength: true, webauthn:extension:prf: true, webauthn:virtualAuthenticators: true}\nSession ID: 7826bddf80cfb5944cbaabcb3c00c245","trace":"org.openqa.selenium.ElementClickInterceptedException: element click intercepted: Element <img alt=\"store\" loading=\"lazy\" width=\"52\" height=\"52\" decoding=\"async\" data-nimg=\"1\" src=\"/_next/static/media/store-marker.b3d7f6cf.svg\" style=\"color: transparent;\"> is not clickable at point (191, 294). Other element would receive the click: <aside style=\"position: absolute; width: 95%; top: 0px; left: 0px; z-index: 9;\">...</aside>\n  (Session info: chrome=125.0.6422.142)\nBuild info: version: '3.141.59', revision: 'e82be7d358', time: '2018-11-14T08:17:03'\nSystem info: host: 'IQA-L76-KUNDAN', ip: '192.168.5.35', os.name: 'Windows 11', os.arch: 'amd64', os.version: '10.0', java.version: '17.0.2'\nDriver info: org.openqa.selenium.chrome.ChromeDriver\nCapabilities {acceptInsecureCerts: false, browserName: chrome, browserVersion: 125.0.6422.142, chrome: {chromedriverVersion: 125.0.6422.141 (4b1e8393712..., userDataDir: C:\\Users\\Kundan\\AppData\\Loc...}, fedcm:accounts: true, goog:chromeOptions: {debuggerAddress: localhost:57862}, javascriptEnabled: true, networkConnectionEnabled: false, pageLoadStrategy: normal, platform: WINDOWS, platformName: WINDOWS, proxy: Proxy(), setWindowRect: true, strictFileInteractability: false, timeouts: {implicit: 0, pageLoad: 300000, script: 30000}, unhandledPromptBehavior: dismiss and notify, webauthn:extension:credBlob: true, webauthn:extension:largeBlob: true, webauthn:extension:minPinLength: true, webauthn:extension:prf: true, webauthn:virtualAuthenticators: true}\nSession ID: 7826bddf80cfb5944cbaabcb3c00c245\r\n\tat java.base/jdk.internal.reflect.NativeConstructorAccessorImpl.newInstance0(Native Method)\r\n\tat java.base/jdk.internal.reflect.NativeConstructorAccessorImpl.newInstance(NativeConstructorAccessorImpl.java:77)\r\n\tat java.base/jdk.internal.reflect.DelegatingConstructorAccessorImpl.newInstance(DelegatingConstructorAccessorImpl.java:45)\r\n\tat java.base/java.lang.reflect.Constructor.newInstanceWithCaller(Constructor.java:499)\r\n\tat java.base/java.lang.reflect.Constructor.newInstance(Constructor.java:480)\r\n\tat org.openqa.selenium.remote.http.W3CHttpResponseCodec.createException(W3CHttpResponseCodec.java:187)\r\n\tat org.openqa.selenium.remote.http.W3CHttpResponseCodec.decode(W3CHttpResponseCodec.java:122)\r\n\tat org.openqa.selenium.remote.http.W3CHttpResponseCodec.decode(W3CHttpResponseCodec.java:49)\r\n\tat org.openqa.selenium.remote.HttpCommandExecutor.execute(HttpCommandExecutor.java:158)\r\n\tat org.openqa.selenium.remote.service.DriverCommandExecutor.execute(DriverCommandExecutor.java:83)\r\n\tat org.openqa.selenium.remote.RemoteWebDriver.execute(RemoteWebDriver.java:552)\r\n\tat org.openqa.selenium.remote.RemoteWebElement.execute(RemoteWebElement.java:285)\r\n\tat org.openqa.selenium.remote.RemoteWebElement.click(RemoteWebElement.java:84)\r\n\tat com.pricer.utilities.SeleniumUtils.click(SeleniumUtils.java:395)\r\n\tat com.pricer.page.web.TenantPage.clickOnPinStoreIcon(TenantPage.java:54)\r\n\tat com.pricer.mobile.Test_Scenarios_For_Pricer_Emulation_E2E_Functionality.verify_StoreNavigationFunctionality(Test_Scenarios_For_Pricer_Emulation_E2E_Functionality.java:59)\r\n\tat java.base/jdk.internal.reflect.NativeMethodAccessorImpl.invoke0(Native Method)\r\n\tat java.base/jdk.internal.reflect.NativeMethodAccessorImpl.invoke(NativeMethodAccessorImpl.java:77)\r\n\tat java.base/jdk.internal.reflect.DelegatingMethodAccessorImpl.invoke(DelegatingMethodAccessorImpl.java:43)\r\n\tat java.base/java.lang.reflect.Method.invoke(Method.java:568)\r\n\tat org.testng.internal.MethodInvocationHelper.invokeMethod(MethodInvocationHelper.java:80)\r\n\tat org.testng.internal.Invoker.invokeMethod(Invoker.java:714)\r\n\tat org.testng.internal.Invoker.invokeTestMethod(Invoker.java:901)\r\n\tat org.testng.internal.Invoker.invokeTestMethods(Invoker.java:1231)\r\n\tat org.testng.internal.TestMethodWorker.invokeTestMethods(TestMethodWorker.java:127)\r\n\tat org.testng.internal.TestMethodWorker.run(TestMethodWorker.java:111)\r\n\tat java.base/java.util.concurrent.ThreadPoolExecutor.runWorker(ThreadPoolExecutor.java:1136)\r\n\tat java.base/java.util.concurrent.ThreadPoolExecutor$Worker.run(ThreadPoolExecutor.java:635)\r\n\tat java.base/java.lang.Thread.run(Thread.java:833)\r\n"},"stage":"finished","steps":[{"name":"Wait For Element 'icnPinStore' To Be Clickable","status":"passed","stage":"finished","steps":[{"name":"Wait For Element 'icnPinStore' To Display","status":"passed","stage":"finished","steps":[],"attachments":[],"parameters":[{"name":"locatorName","value":"icnPinStore"}],"start":1717579432407,"stop":1717579432467}],"attachments":[],"parameters":[{"name":"locatorName","value":"icnPinStore"}],"start":1717579432407,"stop":1717579432502}],"attachments":[],"parameters":[{"name":"locatorName","value":"icnPinStore"}],"start":1717579432407,"stop":1717579433584}],"attachments":[],"parameters":[],"start":1717579425259,"stop":1717579433584}],"attachments":[{"name":"Page screenshot","source":"46b5ed66-cf73-4bdb-bad0-df78bc9472bf-attachment","type":"image/png"},{"name":"failed and screenshot taken!","source":"d4b40c47-6ee5-4e1b-be3d-61bcb5d351e4-attachment","type":"text/plain"}],"parameters":[{"name":"dataID","value":"Pricer_Web_Automation"},{"name":"browser","value":"chrome"}],"start":1717579408189,"stop":1717579434998,"uuid":"af086cdb-b355-452b-89ce-ce25f783194e","historyId":"6657578c2792e38d6905a884a38316ea","fullName":"com.pricer.mobile.Test_Scenarios_For_Pricer_Emulation_E2E_Functionality.verify_StoreNavigationFunctionality","labels":[{"name":"package","value":"com.pricer.mobile.Test_Scenarios_For_Pricer_Emulation_E2E_Functionality"},{"name":"testClass","value":"com.pricer.mobile.Test_Scenarios_For_Pricer_Emulation_E2E_Functionality"},{"name":"testMethod","value":"verify_StoreNavigationFunctionality"},{"name":"parentSuite","value":"Web_Test_Execution_Suite"},{"name":"suite","value":"Pricer_Test"},{"name":"subSuite","value":"com.pricer.mobile.Test_Scenarios_For_Pricer_Emulation_E2E_Functionality"},{"name":"host","value":"IQA-L76-Kundan"},{"name":"thread","value":"26192@IQA-L76-Kundan.pool-1-thread-1(26)"},{"name":"framework","value":"testng"},{"name":"language","value":"java"},{"name":"story","value":"Verify content of Tenant page"},{"name":"feature","value":"Service Provided"},{"name":"epic","value":"com/pricer"}],"links":[]}