{"name":"TC010_Verify user is able to see message contents","status":"broken","statusDetails":{"known":false,"muted":false,"flaky":false,"message":"no such element: Unable to locate element: {\"method\":\"xpath\",\"selector\":\"//tbody[@id='reportsTable']//a[text()='670d4e461c01622dc7908a67']\"}\n  (Session info: chrome=129.0.6668.70)\nFor documentation on this error, please visit: https://www.seleniumhq.org/exceptions/no_such_element.html\nBuild info: version: '3.141.59', revision: 'e82be7d358', time: '2018-11-14T08:17:03'\nSystem info: host: 'IQAL95-KUNDAN', ip: '172.16.2.7', os.name: 'Windows 11', os.arch: 'amd64', os.version: '10.0', java.version: '17.0.2'\nDriver info: org.openqa.selenium.chrome.ChromeDriver\nCapabilities {acceptInsecureCerts: false, browserName: chrome, browserVersion: 129.0.6668.70, chrome: {chromedriverVersion: 129.0.6668.100 (cf58cba358d..., userDataDir: C:\\Users\\Kundan\\AppData\\Loc...}, fedcm:accounts: true, goog:chromeOptions: {debuggerAddress: localhost:31530}, javascriptEnabled: true, networkConnectionEnabled: false, pageLoadStrategy: normal, platform: WINDOWS, platformName: WINDOWS, proxy: Proxy(), setWindowRect: true, strictFileInteractability: false, timeouts: {implicit: 0, pageLoad: 300000, script: 30000}, unhandledPromptBehavior: dismiss and notify, webauthn:extension:credBlob: true, webauthn:extension:largeBlob: true, webauthn:extension:minPinLength: true, webauthn:extension:prf: true, webauthn:virtualAuthenticators: true}\nSession ID: 5886c3dadcaa92d96300609350aba6e0\n*** Element info: {Using=xpath, value=//tbody[@id='reportsTable']//a[text()='670d4e461c01622dc7908a67']}","trace":"org.openqa.selenium.NoSuchElementException: no such element: Unable to locate element: {\"method\":\"xpath\",\"selector\":\"//tbody[@id='reportsTable']//a[text()='670d4e461c01622dc7908a67']\"}\n  (Session info: chrome=129.0.6668.70)\nFor documentation on this error, please visit: https://www.seleniumhq.org/exceptions/no_such_element.html\nBuild info: version: '3.141.59', revision: 'e82be7d358', time: '2018-11-14T08:17:03'\nSystem info: host: 'IQAL95-KUNDAN', ip: '172.16.2.7', os.name: 'Windows 11', os.arch: 'amd64', os.version: '10.0', java.version: '17.0.2'\nDriver info: org.openqa.selenium.chrome.ChromeDriver\nCapabilities {acceptInsecureCerts: false, browserName: chrome, browserVersion: 129.0.6668.70, chrome: {chromedriverVersion: 129.0.6668.100 (cf58cba358d..., userDataDir: C:\\Users\\Kundan\\AppData\\Loc...}, fedcm:accounts: true, goog:chromeOptions: {debuggerAddress: localhost:31530}, javascriptEnabled: true, networkConnectionEnabled: false, pageLoadStrategy: normal, platform: WINDOWS, platformName: WINDOWS, proxy: Proxy(), setWindowRect: true, strictFileInteractability: false, timeouts: {implicit: 0, pageLoad: 300000, script: 30000}, unhandledPromptBehavior: dismiss and notify, webauthn:extension:credBlob: true, webauthn:extension:largeBlob: true, webauthn:extension:minPinLength: true, webauthn:extension:prf: true, webauthn:virtualAuthenticators: true}\nSession ID: 5886c3dadcaa92d96300609350aba6e0\n*** Element info: {Using=xpath, value=//tbody[@id='reportsTable']//a[text()='670d4e461c01622dc7908a67']}\r\n\tat java.base/jdk.internal.reflect.NativeConstructorAccessorImpl.newInstance0(Native Method)\r\n\tat java.base/jdk.internal.reflect.NativeConstructorAccessorImpl.newInstance(NativeConstructorAccessorImpl.java:77)\r\n\tat java.base/jdk.internal.reflect.DelegatingConstructorAccessorImpl.newInstance(DelegatingConstructorAccessorImpl.java:45)\r\n\tat java.base/java.lang.reflect.Constructor.newInstanceWithCaller(Constructor.java:499)\r\n\tat java.base/java.lang.reflect.Constructor.newInstance(Constructor.java:480)\r\n\tat org.openqa.selenium.remote.http.W3CHttpResponseCodec.createException(W3CHttpResponseCodec.java:187)\r\n\tat org.openqa.selenium.remote.http.W3CHttpResponseCodec.decode(W3CHttpResponseCodec.java:122)\r\n\tat org.openqa.selenium.remote.http.W3CHttpResponseCodec.decode(W3CHttpResponseCodec.java:49)\r\n\tat org.openqa.selenium.remote.HttpCommandExecutor.execute(HttpCommandExecutor.java:158)\r\n\tat org.openqa.selenium.remote.service.DriverCommandExecutor.execute(DriverCommandExecutor.java:83)\r\n\tat org.openqa.selenium.remote.RemoteWebDriver.execute(RemoteWebDriver.java:552)\r\n\tat org.openqa.selenium.remote.RemoteWebDriver.findElement(RemoteWebDriver.java:323)\r\n\tat org.openqa.selenium.remote.RemoteWebDriver.findElementByXPath(RemoteWebDriver.java:428)\r\n\tat org.openqa.selenium.By$ByXPath.findElement(By.java:353)\r\n\tat org.openqa.selenium.remote.RemoteWebDriver.findElement(RemoteWebDriver.java:315)\r\n\tat com.nsano.page.web.nsano.ReportsPage.clickOnMessageId(ReportsPage.java:50)\r\n\tat com.nsano.web.Test_Scenarios_For_NSano_E2E_Functionality.verify_MessageContentsDisplayed(Test_Scenarios_For_NSano_E2E_Functionality.java:201)\r\n\tat java.base/jdk.internal.reflect.NativeMethodAccessorImpl.invoke0(Native Method)\r\n\tat java.base/jdk.internal.reflect.NativeMethodAccessorImpl.invoke(NativeMethodAccessorImpl.java:77)\r\n\tat java.base/jdk.internal.reflect.DelegatingMethodAccessorImpl.invoke(DelegatingMethodAccessorImpl.java:43)\r\n\tat java.base/java.lang.reflect.Method.invoke(Method.java:568)\r\n\tat org.testng.internal.MethodInvocationHelper.invokeMethod(MethodInvocationHelper.java:80)\r\n\tat org.testng.internal.Invoker.invokeMethod(Invoker.java:714)\r\n\tat org.testng.internal.Invoker.invokeTestMethod(Invoker.java:901)\r\n\tat org.testng.internal.Invoker.invokeTestMethods(Invoker.java:1231)\r\n\tat org.testng.internal.TestMethodWorker.invokeTestMethods(TestMethodWorker.java:127)\r\n\tat org.testng.internal.TestMethodWorker.run(TestMethodWorker.java:111)\r\n\tat java.base/java.util.concurrent.ThreadPoolExecutor.runWorker(ThreadPoolExecutor.java:1136)\r\n\tat java.base/java.util.concurrent.ThreadPoolExecutor$Worker.run(ThreadPoolExecutor.java:635)\r\n\tat java.base/java.lang.Thread.run(Thread.java:833)\r\n"},"stage":"finished","description":"Verify user is able to see message contents","steps":[{"name":"Click on Reports Button","status":"passed","stage":"finished","steps":[{"name":"is Element 'icnReports' Displayed","status":"passed","stage":"finished","steps":[],"attachments":[],"parameters":[{"name":"locatorName","value":"icnReports"},{"name":"waitTime","value":"30"}],"start":1729084542742,"stop":1729084542837},{"name":"Click 'icnReports'","status":"passed","stage":"finished","steps":[{"name":"Wait For Element 'icnReports' To Be Clickable","status":"passed","stage":"finished","steps":[{"name":"Wait For Element 'icnReports' To Display","status":"passed","stage":"finished","steps":[],"attachments":[],"parameters":[{"name":"locatorName","value":"icnReports"}],"start":1729084542852,"stop":1729084542884}],"attachments":[],"parameters":[{"name":"locatorName","value":"icnReports"}],"start":1729084542837,"stop":1729084542929}],"attachments":[],"parameters":[{"name":"locatorName","value":"icnReports"}],"start":1729084542837,"stop":1729084543007}],"attachments":[],"parameters":[],"start":1729084542742,"stop":1729084543007},{"name":"Is SMS Reports Display","status":"passed","stage":"finished","steps":[{"name":"is Element 'icnSmsReports' Displayed","status":"passed","stage":"finished","steps":[],"attachments":[],"parameters":[{"name":"locatorName","value":"icnSmsReports"},{"name":"waitTime","value":"30"}],"start":1729084543008,"stop":1729084543121}],"attachments":[],"parameters":[],"start":1729084543007,"stop":1729084543121},{"name":"User is able see sms reports button","status":"passed","stage":"finished","steps":[],"attachments":[],"parameters":[],"start":1729084543121,"stop":1729084543121},{"name":"Click on SMS Reports Button","status":"passed","stage":"finished","steps":[{"name":"is Element 'icnSmsReports' Displayed","status":"passed","stage":"finished","steps":[],"attachments":[],"parameters":[{"name":"locatorName","value":"icnSmsReports"},{"name":"waitTime","value":"30"}],"start":1729084543122,"stop":1729084543240},{"name":"Click 'icnSmsReports'","status":"passed","stage":"finished","steps":[{"name":"Wait For Element 'icnSmsReports' To Be Clickable","status":"passed","stage":"finished","steps":[{"name":"Wait For Element 'icnSmsReports' To Display","status":"passed","stage":"finished","steps":[],"attachments":[],"parameters":[{"name":"locatorName","value":"icnSmsReports"}],"start":1729084543244,"stop":1729084543330}],"attachments":[],"parameters":[{"name":"locatorName","value":"icnSmsReports"}],"start":1729084543241,"stop":1729084543397}],"attachments":[],"parameters":[{"name":"locatorName","value":"icnSmsReports"}],"start":1729084543240,"stop":1729084544758}],"attachments":[],"parameters":[],"start":1729084543121,"stop":1729084544758},{"name":"Is Messages Display","status":"passed","stage":"finished","steps":[{"name":"is Element 'lnkMessages' Displayed","status":"passed","stage":"finished","steps":[],"attachments":[],"parameters":[{"name":"locatorName","value":"lnkMessages"},{"name":"waitTime","value":"90"}],"start":1729084544781,"stop":1729084545011}],"attachments":[],"parameters":[],"start":1729084544781,"stop":1729084545011},{"name":"User is able to see list of messages","status":"passed","stage":"finished","steps":[],"attachments":[],"parameters":[],"start":1729084545011,"stop":1729084545011},{"name":"Click on message id 670d4e461c01622dc7908a67","status":"broken","statusDetails":{"known":false,"muted":false,"flaky":false,"message":"no such element: Unable to locate element: {\"method\":\"xpath\",\"selector\":\"//tbody[@id='reportsTable']//a[text()='670d4e461c01622dc7908a67']\"}\n  (Session info: chrome=129.0.6668.70)\nFor documentation on this error, please visit: https://www.seleniumhq.org/exceptions/no_such_element.html\nBuild info: version: '3.141.59', revision: 'e82be7d358', time: '2018-11-14T08:17:03'\nSystem info: host: 'IQAL95-KUNDAN', ip: '172.16.2.7', os.name: 'Windows 11', os.arch: 'amd64', os.version: '10.0', java.version: '17.0.2'\nDriver info: org.openqa.selenium.chrome.ChromeDriver\nCapabilities {acceptInsecureCerts: false, browserName: chrome, browserVersion: 129.0.6668.70, chrome: {chromedriverVersion: 129.0.6668.100 (cf58cba358d..., userDataDir: C:\\Users\\Kundan\\AppData\\Loc...}, fedcm:accounts: true, goog:chromeOptions: {debuggerAddress: localhost:31530}, javascriptEnabled: true, networkConnectionEnabled: false, pageLoadStrategy: normal, platform: WINDOWS, platformName: WINDOWS, proxy: Proxy(), setWindowRect: true, strictFileInteractability: false, timeouts: {implicit: 0, pageLoad: 300000, script: 30000}, unhandledPromptBehavior: dismiss and notify, webauthn:extension:credBlob: true, webauthn:extension:largeBlob: true, webauthn:extension:minPinLength: true, webauthn:extension:prf: true, webauthn:virtualAuthenticators: true}\nSession ID: 5886c3dadcaa92d96300609350aba6e0\n*** Element info: {Using=xpath, value=//tbody[@id='reportsTable']//a[text()='670d4e461c01622dc7908a67']}","trace":"org.openqa.selenium.NoSuchElementException: no such element: Unable to locate element: {\"method\":\"xpath\",\"selector\":\"//tbody[@id='reportsTable']//a[text()='670d4e461c01622dc7908a67']\"}\n  (Session info: chrome=129.0.6668.70)\nFor documentation on this error, please visit: https://www.seleniumhq.org/exceptions/no_such_element.html\nBuild info: version: '3.141.59', revision: 'e82be7d358', time: '2018-11-14T08:17:03'\nSystem info: host: 'IQAL95-KUNDAN', ip: '172.16.2.7', os.name: 'Windows 11', os.arch: 'amd64', os.version: '10.0', java.version: '17.0.2'\nDriver info: org.openqa.selenium.chrome.ChromeDriver\nCapabilities {acceptInsecureCerts: false, browserName: chrome, browserVersion: 129.0.6668.70, chrome: {chromedriverVersion: 129.0.6668.100 (cf58cba358d..., userDataDir: C:\\Users\\Kundan\\AppData\\Loc...}, fedcm:accounts: true, goog:chromeOptions: {debuggerAddress: localhost:31530}, javascriptEnabled: true, networkConnectionEnabled: false, pageLoadStrategy: normal, platform: WINDOWS, platformName: WINDOWS, proxy: Proxy(), setWindowRect: true, strictFileInteractability: false, timeouts: {implicit: 0, pageLoad: 300000, script: 30000}, unhandledPromptBehavior: dismiss and notify, webauthn:extension:credBlob: true, webauthn:extension:largeBlob: true, webauthn:extension:minPinLength: true, webauthn:extension:prf: true, webauthn:virtualAuthenticators: true}\nSession ID: 5886c3dadcaa92d96300609350aba6e0\n*** Element info: {Using=xpath, value=//tbody[@id='reportsTable']//a[text()='670d4e461c01622dc7908a67']}\r\n\tat java.base/jdk.internal.reflect.NativeConstructorAccessorImpl.newInstance0(Native Method)\r\n\tat java.base/jdk.internal.reflect.NativeConstructorAccessorImpl.newInstance(NativeConstructorAccessorImpl.java:77)\r\n\tat java.base/jdk.internal.reflect.DelegatingConstructorAccessorImpl.newInstance(DelegatingConstructorAccessorImpl.java:45)\r\n\tat java.base/java.lang.reflect.Constructor.newInstanceWithCaller(Constructor.java:499)\r\n\tat java.base/java.lang.reflect.Constructor.newInstance(Constructor.java:480)\r\n\tat org.openqa.selenium.remote.http.W3CHttpResponseCodec.createException(W3CHttpResponseCodec.java:187)\r\n\tat org.openqa.selenium.remote.http.W3CHttpResponseCodec.decode(W3CHttpResponseCodec.java:122)\r\n\tat org.openqa.selenium.remote.http.W3CHttpResponseCodec.decode(W3CHttpResponseCodec.java:49)\r\n\tat org.openqa.selenium.remote.HttpCommandExecutor.execute(HttpCommandExecutor.java:158)\r\n\tat org.openqa.selenium.remote.service.DriverCommandExecutor.execute(DriverCommandExecutor.java:83)\r\n\tat org.openqa.selenium.remote.RemoteWebDriver.execute(RemoteWebDriver.java:552)\r\n\tat org.openqa.selenium.remote.RemoteWebDriver.findElement(RemoteWebDriver.java:323)\r\n\tat org.openqa.selenium.remote.RemoteWebDriver.findElementByXPath(RemoteWebDriver.java:428)\r\n\tat org.openqa.selenium.By$ByXPath.findElement(By.java:353)\r\n\tat org.openqa.selenium.remote.RemoteWebDriver.findElement(RemoteWebDriver.java:315)\r\n\tat com.nsano.page.web.nsano.ReportsPage.clickOnMessageId(ReportsPage.java:50)\r\n\tat com.nsano.web.Test_Scenarios_For_NSano_E2E_Functionality.verify_MessageContentsDisplayed(Test_Scenarios_For_NSano_E2E_Functionality.java:201)\r\n\tat java.base/jdk.internal.reflect.NativeMethodAccessorImpl.invoke0(Native Method)\r\n\tat java.base/jdk.internal.reflect.NativeMethodAccessorImpl.invoke(NativeMethodAccessorImpl.java:77)\r\n\tat java.base/jdk.internal.reflect.DelegatingMethodAccessorImpl.invoke(DelegatingMethodAccessorImpl.java:43)\r\n\tat java.base/java.lang.reflect.Method.invoke(Method.java:568)\r\n\tat org.testng.internal.MethodInvocationHelper.invokeMethod(MethodInvocationHelper.java:80)\r\n\tat org.testng.internal.Invoker.invokeMethod(Invoker.java:714)\r\n\tat org.testng.internal.Invoker.invokeTestMethod(Invoker.java:901)\r\n\tat org.testng.internal.Invoker.invokeTestMethods(Invoker.java:1231)\r\n\tat org.testng.internal.TestMethodWorker.invokeTestMethods(TestMethodWorker.java:127)\r\n\tat org.testng.internal.TestMethodWorker.run(TestMethodWorker.java:111)\r\n\tat java.base/java.util.concurrent.ThreadPoolExecutor.runWorker(ThreadPoolExecutor.java:1136)\r\n\tat java.base/java.util.concurrent.ThreadPoolExecutor$Worker.run(ThreadPoolExecutor.java:635)\r\n\tat java.base/java.lang.Thread.run(Thread.java:833)\r\n"},"stage":"finished","steps":[{"name":"Get the selenium driver","status":"passed","stage":"finished","steps":[],"attachments":[],"parameters":[],"start":1729084545011,"stop":1729084545011}],"attachments":[],"parameters":[{"name":"messageId","value":"670d4e461c01622dc7908a67"}],"start":1729084545011,"stop":1729084545058}],"attachments":[{"name":"Page screenshot","source":"d0099108-3cdf-42e4-a84b-cd4371d543fa-attachment","type":"image/png"},{"name":"failed and screenshot taken!","source":"2167529e-9756-44f2-ac87-01fd12f7ebeb-attachment","type":"text/plain"}],"parameters":[{"name":"dataID","value":"NSano_Web_Automation"},{"name":"browser","value":"chrome"}],"start":1729084542729,"stop":1729084545481,"uuid":"54409cc1-fe71-47bc-97f0-8d9cf9834c02","historyId":"5bfe07c69efe9b0d2dd4be33fdaae64c","fullName":"com.nsano.web.Test_Scenarios_For_NSano_E2E_Functionality.verify_MessageContentsDisplayed","labels":[{"name":"package","value":"com.nsano.web.Test_Scenarios_For_NSano_E2E_Functionality"},{"name":"testClass","value":"com.nsano.web.Test_Scenarios_For_NSano_E2E_Functionality"},{"name":"testMethod","value":"verify_MessageContentsDisplayed"},{"name":"parentSuite","value":"Web_Test_Execution_Suite"},{"name":"suite","value":"NSano_Web_Test"},{"name":"subSuite","value":"com.nsano.web.Test_Scenarios_For_NSano_E2E_Functionality"},{"name":"host","value":"IQAL95-Kundan"},{"name":"thread","value":"81384@IQAL95-Kundan.pool-1-thread-1(26)"},{"name":"framework","value":"testng"},{"name":"language","value":"java"},{"name":"story","value":"Verify SMS Reports functionality"},{"name":"epic","value":"com/nsano"},{"name":"feature","value":"Test Web Execution"}],"links":[]}