{"name":"TC009_Verify top-up history page filter functionality","status":"broken","statusDetails":{"known":false,"muted":false,"flaky":false,"message":"no such element: Unable to locate element: {\"method\":\"xpath\",\"selector\":\"(//th[text()='Jan 2019']/ancestor::table//td[text()='1'])[1]\"}\n  (Session info: chrome=129.0.6668.70)\nFor documentation on this error, please visit: https://www.seleniumhq.org/exceptions/no_such_element.html\nBuild info: version: '3.141.59', revision: 'e82be7d358', time: '2018-11-14T08:17:03'\nSystem info: host: 'IQAL95-KUNDAN', ip: '172.16.2.7', os.name: 'Windows 11', os.arch: 'amd64', os.version: '10.0', java.version: '17.0.2'\nDriver info: org.openqa.selenium.chrome.ChromeDriver\nCapabilities {acceptInsecureCerts: false, browserName: chrome, browserVersion: 129.0.6668.70, chrome: {chromedriverVersion: 129.0.6668.100 (cf58cba358d..., userDataDir: C:\\Users\\Kundan\\AppData\\Loc...}, fedcm:accounts: true, goog:chromeOptions: {debuggerAddress: localhost:4597}, javascriptEnabled: true, networkConnectionEnabled: false, pageLoadStrategy: normal, platform: WINDOWS, platformName: WINDOWS, proxy: Proxy(), setWindowRect: true, strictFileInteractability: false, timeouts: {implicit: 0, pageLoad: 300000, script: 30000}, unhandledPromptBehavior: dismiss and notify, webauthn:extension:credBlob: true, webauthn:extension:largeBlob: true, webauthn:extension:minPinLength: true, webauthn:extension:prf: true, webauthn:virtualAuthenticators: true}\nSession ID: 5d16656f53158c8b8ea80991a9d2cf50\n*** Element info: {Using=xpath, value=(//th[text()='Jan 2019']/ancestor::table//td[text()='1'])[1]}","trace":"org.openqa.selenium.NoSuchElementException: no such element: Unable to locate element: {\"method\":\"xpath\",\"selector\":\"(//th[text()='Jan 2019']/ancestor::table//td[text()='1'])[1]\"}\n  (Session info: chrome=129.0.6668.70)\nFor documentation on this error, please visit: https://www.seleniumhq.org/exceptions/no_such_element.html\nBuild info: version: '3.141.59', revision: 'e82be7d358', time: '2018-11-14T08:17:03'\nSystem info: host: 'IQAL95-KUNDAN', ip: '172.16.2.7', os.name: 'Windows 11', os.arch: 'amd64', os.version: '10.0', java.version: '17.0.2'\nDriver info: org.openqa.selenium.chrome.ChromeDriver\nCapabilities {acceptInsecureCerts: false, browserName: chrome, browserVersion: 129.0.6668.70, chrome: {chromedriverVersion: 129.0.6668.100 (cf58cba358d..., userDataDir: C:\\Users\\Kundan\\AppData\\Loc...}, fedcm:accounts: true, goog:chromeOptions: {debuggerAddress: localhost:4597}, javascriptEnabled: true, networkConnectionEnabled: false, pageLoadStrategy: normal, platform: WINDOWS, platformName: WINDOWS, proxy: Proxy(), setWindowRect: true, strictFileInteractability: false, timeouts: {implicit: 0, pageLoad: 300000, script: 30000}, unhandledPromptBehavior: dismiss and notify, webauthn:extension:credBlob: true, webauthn:extension:largeBlob: true, webauthn:extension:minPinLength: true, webauthn:extension:prf: true, webauthn:virtualAuthenticators: true}\nSession ID: 5d16656f53158c8b8ea80991a9d2cf50\n*** Element info: {Using=xpath, value=(//th[text()='Jan 2019']/ancestor::table//td[text()='1'])[1]}\r\n\tat java.base/jdk.internal.reflect.NativeConstructorAccessorImpl.newInstance0(Native Method)\r\n\tat java.base/jdk.internal.reflect.NativeConstructorAccessorImpl.newInstance(NativeConstructorAccessorImpl.java:77)\r\n\tat java.base/jdk.internal.reflect.DelegatingConstructorAccessorImpl.newInstance(DelegatingConstructorAccessorImpl.java:45)\r\n\tat java.base/java.lang.reflect.Constructor.newInstanceWithCaller(Constructor.java:499)\r\n\tat java.base/java.lang.reflect.Constructor.newInstance(Constructor.java:480)\r\n\tat org.openqa.selenium.remote.http.W3CHttpResponseCodec.createException(W3CHttpResponseCodec.java:187)\r\n\tat org.openqa.selenium.remote.http.W3CHttpResponseCodec.decode(W3CHttpResponseCodec.java:122)\r\n\tat org.openqa.selenium.remote.http.W3CHttpResponseCodec.decode(W3CHttpResponseCodec.java:49)\r\n\tat org.openqa.selenium.remote.HttpCommandExecutor.execute(HttpCommandExecutor.java:158)\r\n\tat org.openqa.selenium.remote.service.DriverCommandExecutor.execute(DriverCommandExecutor.java:83)\r\n\tat org.openqa.selenium.remote.RemoteWebDriver.execute(RemoteWebDriver.java:552)\r\n\tat org.openqa.selenium.remote.RemoteWebDriver.findElement(RemoteWebDriver.java:323)\r\n\tat org.openqa.selenium.remote.RemoteWebDriver.findElementByXPath(RemoteWebDriver.java:428)\r\n\tat org.openqa.selenium.By$ByXPath.findElement(By.java:353)\r\n\tat org.openqa.selenium.remote.RemoteWebDriver.findElement(RemoteWebDriver.java:315)\r\n\tat com.nsano.page.web.nsano.TopupHistoryPage.selectDate(TopupHistoryPage.java:62)\r\n\tat com.nsano.web.Test_Scenarios_For_NSano_E2E_Functionality.verify_TopUpHistoryPageFilterFunctionality(Test_Scenarios_For_NSano_E2E_Functionality.java:166)\r\n\tat java.base/jdk.internal.reflect.NativeMethodAccessorImpl.invoke0(Native Method)\r\n\tat java.base/jdk.internal.reflect.NativeMethodAccessorImpl.invoke(NativeMethodAccessorImpl.java:77)\r\n\tat java.base/jdk.internal.reflect.DelegatingMethodAccessorImpl.invoke(DelegatingMethodAccessorImpl.java:43)\r\n\tat java.base/java.lang.reflect.Method.invoke(Method.java:568)\r\n\tat org.testng.internal.MethodInvocationHelper.invokeMethod(MethodInvocationHelper.java:80)\r\n\tat org.testng.internal.Invoker.invokeMethod(Invoker.java:714)\r\n\tat org.testng.internal.Invoker.invokeTestMethod(Invoker.java:901)\r\n\tat org.testng.internal.Invoker.invokeTestMethods(Invoker.java:1231)\r\n\tat org.testng.internal.TestMethodWorker.invokeTestMethods(TestMethodWorker.java:127)\r\n\tat org.testng.internal.TestMethodWorker.run(TestMethodWorker.java:111)\r\n\tat java.base/java.util.concurrent.ThreadPoolExecutor.runWorker(ThreadPoolExecutor.java:1136)\r\n\tat java.base/java.util.concurrent.ThreadPoolExecutor$Worker.run(ThreadPoolExecutor.java:635)\r\n\tat java.base/java.lang.Thread.run(Thread.java:833)\r\n"},"stage":"finished","description":"Verify top-up history page filter functionality","steps":[{"name":"Click on Filter at Top","status":"passed","stage":"finished","steps":[{"name":"is Element 'lnkFilter' Displayed","status":"passed","stage":"finished","steps":[],"attachments":[],"parameters":[{"name":"locatorName","value":"lnkFilter"},{"name":"waitTime","value":"30"}],"start":1729079142974,"stop":1729079143037},{"name":"Click 'lnkFilter'","status":"passed","stage":"finished","steps":[{"name":"Wait For Element 'lnkFilter' To Be Clickable","status":"passed","stage":"finished","steps":[{"name":"Wait For Element 'lnkFilter' To Display","status":"passed","stage":"finished","steps":[],"attachments":[],"parameters":[{"name":"locatorName","value":"lnkFilter"}],"start":1729079143053,"stop":1729079143085}],"attachments":[],"parameters":[{"name":"locatorName","value":"lnkFilter"}],"start":1729079143037,"stop":1729079143110}],"attachments":[],"parameters":[{"name":"locatorName","value":"lnkFilter"}],"start":1729079143037,"stop":1729079143182}],"attachments":[],"parameters":[],"start":1729079142974,"stop":1729079143182},{"name":"Click on Date","status":"passed","stage":"finished","steps":[{"name":"is Element 'lnkDate' Displayed","status":"passed","stage":"finished","steps":[],"attachments":[],"parameters":[{"name":"locatorName","value":"lnkDate"},{"name":"waitTime","value":"30"}],"start":1729079143182,"stop":1729079143233},{"name":"Click 'lnkDate'","status":"passed","stage":"finished","steps":[{"name":"Wait For Element 'lnkDate' To Be Clickable","status":"passed","stage":"finished","steps":[{"name":"Wait For Element 'lnkDate' To Display","status":"passed","stage":"finished","steps":[],"attachments":[],"parameters":[{"name":"locatorName","value":"lnkDate"}],"start":1729079143233,"stop":1729079143264}],"attachments":[],"parameters":[{"name":"locatorName","value":"lnkDate"}],"start":1729079143233,"stop":1729079143295}],"attachments":[],"parameters":[{"name":"locatorName","value":"lnkDate"}],"start":1729079143233,"stop":1729079143373}],"attachments":[],"parameters":[],"start":1729079143182,"stop":1729079143373},{"name":"Select Date Custom Range","status":"passed","stage":"finished","steps":[{"name":"Get the selenium driver","status":"passed","stage":"finished","steps":[],"attachments":[],"parameters":[],"start":1729079146383,"stop":1729079146383}],"attachments":[],"parameters":[{"name":"type","value":"Custom Range"}],"start":1729079143373,"stop":1729079149477},{"name":"Select From or To date '1'-'Jan'-'2019'","status":"broken","statusDetails":{"known":false,"muted":false,"flaky":false,"message":"no such element: Unable to locate element: {\"method\":\"xpath\",\"selector\":\"(//th[text()='Jan 2019']/ancestor::table//td[text()='1'])[1]\"}\n  (Session info: chrome=129.0.6668.70)\nFor documentation on this error, please visit: https://www.seleniumhq.org/exceptions/no_such_element.html\nBuild info: version: '3.141.59', revision: 'e82be7d358', time: '2018-11-14T08:17:03'\nSystem info: host: 'IQAL95-KUNDAN', ip: '172.16.2.7', os.name: 'Windows 11', os.arch: 'amd64', os.version: '10.0', java.version: '17.0.2'\nDriver info: org.openqa.selenium.chrome.ChromeDriver\nCapabilities {acceptInsecureCerts: false, browserName: chrome, browserVersion: 129.0.6668.70, chrome: {chromedriverVersion: 129.0.6668.100 (cf58cba358d..., userDataDir: C:\\Users\\Kundan\\AppData\\Loc...}, fedcm:accounts: true, goog:chromeOptions: {debuggerAddress: localhost:4597}, javascriptEnabled: true, networkConnectionEnabled: false, pageLoadStrategy: normal, platform: WINDOWS, platformName: WINDOWS, proxy: Proxy(), setWindowRect: true, strictFileInteractability: false, timeouts: {implicit: 0, pageLoad: 300000, script: 30000}, unhandledPromptBehavior: dismiss and notify, webauthn:extension:credBlob: true, webauthn:extension:largeBlob: true, webauthn:extension:minPinLength: true, webauthn:extension:prf: true, webauthn:virtualAuthenticators: true}\nSession ID: 5d16656f53158c8b8ea80991a9d2cf50\n*** Element info: {Using=xpath, value=(//th[text()='Jan 2019']/ancestor::table//td[text()='1'])[1]}","trace":"org.openqa.selenium.NoSuchElementException: no such element: Unable to locate element: {\"method\":\"xpath\",\"selector\":\"(//th[text()='Jan 2019']/ancestor::table//td[text()='1'])[1]\"}\n  (Session info: chrome=129.0.6668.70)\nFor documentation on this error, please visit: https://www.seleniumhq.org/exceptions/no_such_element.html\nBuild info: version: '3.141.59', revision: 'e82be7d358', time: '2018-11-14T08:17:03'\nSystem info: host: 'IQAL95-KUNDAN', ip: '172.16.2.7', os.name: 'Windows 11', os.arch: 'amd64', os.version: '10.0', java.version: '17.0.2'\nDriver info: org.openqa.selenium.chrome.ChromeDriver\nCapabilities {acceptInsecureCerts: false, browserName: chrome, browserVersion: 129.0.6668.70, chrome: {chromedriverVersion: 129.0.6668.100 (cf58cba358d..., userDataDir: C:\\Users\\Kundan\\AppData\\Loc...}, fedcm:accounts: true, goog:chromeOptions: {debuggerAddress: localhost:4597}, javascriptEnabled: true, networkConnectionEnabled: false, pageLoadStrategy: normal, platform: WINDOWS, platformName: WINDOWS, proxy: Proxy(), setWindowRect: true, strictFileInteractability: false, timeouts: {implicit: 0, pageLoad: 300000, script: 30000}, unhandledPromptBehavior: dismiss and notify, webauthn:extension:credBlob: true, webauthn:extension:largeBlob: true, webauthn:extension:minPinLength: true, webauthn:extension:prf: true, webauthn:virtualAuthenticators: true}\nSession ID: 5d16656f53158c8b8ea80991a9d2cf50\n*** Element info: {Using=xpath, value=(//th[text()='Jan 2019']/ancestor::table//td[text()='1'])[1]}\r\n\tat java.base/jdk.internal.reflect.NativeConstructorAccessorImpl.newInstance0(Native Method)\r\n\tat java.base/jdk.internal.reflect.NativeConstructorAccessorImpl.newInstance(NativeConstructorAccessorImpl.java:77)\r\n\tat java.base/jdk.internal.reflect.DelegatingConstructorAccessorImpl.newInstance(DelegatingConstructorAccessorImpl.java:45)\r\n\tat java.base/java.lang.reflect.Constructor.newInstanceWithCaller(Constructor.java:499)\r\n\tat java.base/java.lang.reflect.Constructor.newInstance(Constructor.java:480)\r\n\tat org.openqa.selenium.remote.http.W3CHttpResponseCodec.createException(W3CHttpResponseCodec.java:187)\r\n\tat org.openqa.selenium.remote.http.W3CHttpResponseCodec.decode(W3CHttpResponseCodec.java:122)\r\n\tat org.openqa.selenium.remote.http.W3CHttpResponseCodec.decode(W3CHttpResponseCodec.java:49)\r\n\tat org.openqa.selenium.remote.HttpCommandExecutor.execute(HttpCommandExecutor.java:158)\r\n\tat org.openqa.selenium.remote.service.DriverCommandExecutor.execute(DriverCommandExecutor.java:83)\r\n\tat org.openqa.selenium.remote.RemoteWebDriver.execute(RemoteWebDriver.java:552)\r\n\tat org.openqa.selenium.remote.RemoteWebDriver.findElement(RemoteWebDriver.java:323)\r\n\tat org.openqa.selenium.remote.RemoteWebDriver.findElementByXPath(RemoteWebDriver.java:428)\r\n\tat org.openqa.selenium.By$ByXPath.findElement(By.java:353)\r\n\tat org.openqa.selenium.remote.RemoteWebDriver.findElement(RemoteWebDriver.java:315)\r\n\tat com.nsano.page.web.nsano.TopupHistoryPage.selectDate(TopupHistoryPage.java:62)\r\n\tat com.nsano.web.Test_Scenarios_For_NSano_E2E_Functionality.verify_TopUpHistoryPageFilterFunctionality(Test_Scenarios_For_NSano_E2E_Functionality.java:166)\r\n\tat java.base/jdk.internal.reflect.NativeMethodAccessorImpl.invoke0(Native Method)\r\n\tat java.base/jdk.internal.reflect.NativeMethodAccessorImpl.invoke(NativeMethodAccessorImpl.java:77)\r\n\tat java.base/jdk.internal.reflect.DelegatingMethodAccessorImpl.invoke(DelegatingMethodAccessorImpl.java:43)\r\n\tat java.base/java.lang.reflect.Method.invoke(Method.java:568)\r\n\tat org.testng.internal.MethodInvocationHelper.invokeMethod(MethodInvocationHelper.java:80)\r\n\tat org.testng.internal.Invoker.invokeMethod(Invoker.java:714)\r\n\tat org.testng.internal.Invoker.invokeTestMethod(Invoker.java:901)\r\n\tat org.testng.internal.Invoker.invokeTestMethods(Invoker.java:1231)\r\n\tat org.testng.internal.TestMethodWorker.invokeTestMethods(TestMethodWorker.java:127)\r\n\tat org.testng.internal.TestMethodWorker.run(TestMethodWorker.java:111)\r\n\tat java.base/java.util.concurrent.ThreadPoolExecutor.runWorker(ThreadPoolExecutor.java:1136)\r\n\tat java.base/java.util.concurrent.ThreadPoolExecutor$Worker.run(ThreadPoolExecutor.java:635)\r\n\tat java.base/java.lang.Thread.run(Thread.java:833)\r\n"},"stage":"finished","steps":[{"name":"Get the selenium driver","status":"passed","stage":"finished","steps":[],"attachments":[],"parameters":[],"start":1729079149477,"stop":1729079149477}],"attachments":[],"parameters":[{"name":"day","value":"1"},{"name":"month","value":"Jan"},{"name":"year","value":"2019"}],"start":1729079149477,"stop":1729079149509}],"attachments":[{"name":"Page screenshot","source":"e5f83994-9afd-4b73-ad1f-9da74dada49d-attachment","type":"image/png"},{"name":"failed and screenshot taken!","source":"1bf03ecf-0edd-4803-972b-fc8fa5a7a063-attachment","type":"text/plain"}],"parameters":[{"name":"dataID","value":"NSano_Web_Automation"},{"name":"browser","value":"chrome"}],"start":1729079142958,"stop":1729079149758,"uuid":"639a4952-bd53-4eeb-978e-0dac06781df8","historyId":"da8d92e43c3ec9ce135867d839ff48ac","fullName":"com.nsano.web.Test_Scenarios_For_NSano_E2E_Functionality.verify_TopUpHistoryPageFilterFunctionality","labels":[{"name":"package","value":"com.nsano.web.Test_Scenarios_For_NSano_E2E_Functionality"},{"name":"testClass","value":"com.nsano.web.Test_Scenarios_For_NSano_E2E_Functionality"},{"name":"testMethod","value":"verify_TopUpHistoryPageFilterFunctionality"},{"name":"parentSuite","value":"Web_Test_Execution_Suite"},{"name":"suite","value":"NSano_Web_Test"},{"name":"subSuite","value":"com.nsano.web.Test_Scenarios_For_NSano_E2E_Functionality"},{"name":"host","value":"IQAL95-Kundan"},{"name":"thread","value":"32540@IQAL95-Kundan.pool-1-thread-1(26)"},{"name":"framework","value":"testng"},{"name":"language","value":"java"},{"name":"story","value":"Verify TopUp History page functionality"},{"name":"feature","value":"Test Web Execution"},{"name":"epic","value":"com/nsano"}],"links":[]}